{"level":40,"time":1668108540064,"pid":19980,"hostname":"DESKTOP-G2R0246","level":"warn","url":"/sdgvdsfb","msg":"Ruta inexistente"}
{"level":40,"time":1668115981927,"pid":13272,"hostname":"DESKTOP-G2R0246","url":"/undefined","msg":"Ruta inexistente"}
{"level":40,"time":1668115991923,"pid":3824,"hostname":"DESKTOP-G2R0246","url":"/undefined","msg":"Ruta inexistente"}
{"level":40,"time":1668116003904,"pid":13272,"hostname":"DESKTOP-G2R0246","url":"/undefined","msg":"Ruta inexistente"}
{"level":40,"time":1668116022024,"pid":13272,"hostname":"DESKTOP-G2R0246","url":"/undefined","msg":"Ruta inexistente"}
{"level":40,"time":1668116026730,"pid":3824,"hostname":"DESKTOP-G2R0246","url":"/undefined","msg":"Ruta inexistente"}
{"level":40,"time":1668116078761,"pid":13272,"hostname":"DESKTOP-G2R0246","url":"/undefined","msg":"Ruta inexistente"}
{"level":40,"time":1668116196106,"pid":13272,"hostname":"DESKTOP-G2R0246","url":"/undefined","msg":"Ruta inexistente"}
{"level":40,"time":1668116220767,"pid":13272,"hostname":"DESKTOP-G2R0246","url":"/undefined","msg":"Ruta inexistente"}
{"level":40,"time":1668116310315,"pid":13272,"hostname":"DESKTOP-G2R0246","url":"/undefined","msg":"Ruta inexistente"}
{"level":40,"time":1668116556506,"pid":13272,"hostname":"DESKTOP-G2R0246","url":"/7777","msg":"Ruta inexistente"}
{"level":40,"time":1668116592639,"pid":3824,"hostname":"DESKTOP-G2R0246","url":"/7777","msg":"Ruta inexistente"}
{"level":40,"time":1668116599850,"pid":13272,"hostname":"DESKTOP-G2R0246","url":"/7777","msg":"Ruta inexistente"}
{"level":40,"time":1668116600040,"pid":13272,"hostname":"DESKTOP-G2R0246","url":"/undefined","msg":"Ruta inexistente"}
{"level":40,"time":1668116614831,"pid":7944,"hostname":"DESKTOP-G2R0246","url":"/7777","msg":"Ruta inexistente"}
{"level":40,"time":1668116620880,"pid":7944,"hostname":"DESKTOP-G2R0246","url":"/7777","msg":"Ruta inexistente"}
{"level":40,"time":1668116767498,"pid":3824,"hostname":"DESKTOP-G2R0246","url":"/7777","msg":"Ruta inexistente"}
{"level":40,"time":1668118163816,"pid":21628,"hostname":"DESKTOP-G2R0246","url":"/undefined","msg":"Ruta inexistente"}
{"level":40,"time":1668118164035,"pid":21628,"hostname":"DESKTOP-G2R0246","url":"/undefined","msg":"Ruta inexistente"}
{"level":40,"time":1668118340629,"pid":8448,"hostname":"DESKTOP-G2R0246","url":"/undefined","msg":"Ruta inexistente"}
{"level":40,"time":1668118544099,"pid":22452,"hostname":"DESKTOP-G2R0246","url":"/undefined","msg":"Ruta inexistente"}
{"level":40,"time":1668118608007,"pid":20100,"hostname":"DESKTOP-G2R0246","url":"/undefined","msg":"Ruta inexistente"}
{"level":40,"time":1668118637519,"pid":20100,"hostname":"DESKTOP-G2R0246","url":"/undefined","msg":"Ruta inexistente"}
{"level":40,"time":1668118701062,"pid":20100,"hostname":"DESKTOP-G2R0246","url":"/undefined","msg":"Ruta inexistente"}
{"level":40,"time":1668118706637,"pid":20100,"hostname":"DESKTOP-G2R0246","url":"/undefined","msg":"Ruta inexistente"}
{"level":40,"time":1668118710698,"pid":20100,"hostname":"DESKTOP-G2R0246","url":"/undefined","msg":"Ruta inexistente"}
{"level":40,"time":1668118784855,"pid":17932,"hostname":"DESKTOP-G2R0246","url":"/undefined","msg":"Ruta inexistente"}
{"level":40,"time":1668119198361,"pid":8816,"hostname":"DESKTOP-G2R0246","url":"/undefined","msg":"Ruta inexistente"}
{"level":40,"time":1668125280888,"pid":9468,"hostname":"DESKTOP-G2R0246","url":"/products/undefined","msg":"Ruta inexistente"}
{"level":40,"time":1668125280896,"pid":9468,"hostname":"DESKTOP-G2R0246","url":"/products/img/carrito.png","msg":"Ruta inexistente"}
{"level":40,"time":1668125288577,"pid":9468,"hostname":"DESKTOP-G2R0246","url":"/products/undefined","msg":"Ruta inexistente"}
{"level":40,"time":1668125288614,"pid":10636,"hostname":"DESKTOP-G2R0246","url":"/products/img/carrito.png","msg":"Ruta inexistente"}
{"level":40,"time":1668125290351,"pid":9468,"hostname":"DESKTOP-G2R0246","url":"/products/undefined","msg":"Ruta inexistente"}
{"level":40,"time":1668125290353,"pid":10636,"hostname":"DESKTOP-G2R0246","url":"/products/img/carrito.png","msg":"Ruta inexistente"}
{"level":40,"time":1668125292048,"pid":9468,"hostname":"DESKTOP-G2R0246","url":"/products/undefined","msg":"Ruta inexistente"}
{"level":40,"time":1668125292049,"pid":10636,"hostname":"DESKTOP-G2R0246","url":"/products/img/carrito.png","msg":"Ruta inexistente"}
{"level":40,"time":1668125295936,"pid":9468,"hostname":"DESKTOP-G2R0246","url":"/products/logout?","msg":"Ruta inexistente"}
{"level":40,"time":1668125523624,"pid":8396,"hostname":"DESKTOP-G2R0246","url":"/undefined","msg":"Ruta inexistente"}
{"level":40,"time":1668125600627,"pid":15020,"hostname":"DESKTOP-G2R0246","url":"/css/listProducts/listProducts.css.map","msg":"Ruta inexistente"}
{"level":40,"time":1668125606055,"pid":15020,"hostname":"DESKTOP-G2R0246","url":"/css/listProducts/listProducts.css.map","msg":"Ruta inexistente"}
{"level":40,"time":1668125767513,"pid":2488,"hostname":"DESKTOP-G2R0246","url":"/css/listProducts/listProducts.css.map","msg":"Ruta inexistente"}
{"level":40,"time":1668125886644,"pid":20780,"hostname":"DESKTOP-G2R0246","url":"/products/undefined","msg":"Ruta inexistente"}
{"level":40,"time":1668125886645,"pid":22460,"hostname":"DESKTOP-G2R0246","url":"/products/img/carrito.png","msg":"Ruta inexistente"}
{"level":40,"time":1668125886661,"pid":18832,"hostname":"DESKTOP-G2R0246","url":"/css/listProducts/listProducts.css.map","msg":"Ruta inexistente"}
{"level":40,"time":1668125999207,"pid":20780,"hostname":"DESKTOP-G2R0246","url":"/css/listProducts/listProducts.css.map","msg":"Ruta inexistente"}
{"level":40,"time":1668126021353,"pid":20780,"hostname":"DESKTOP-G2R0246","url":"/css/listProducts/listProducts.css.map","msg":"Ruta inexistente"}
{"level":40,"time":1668126024068,"pid":20780,"hostname":"DESKTOP-G2R0246","url":"/css/listProducts/listProducts.css.map","msg":"Ruta inexistente"}
{"level":40,"time":1668126151503,"pid":21452,"hostname":"DESKTOP-G2R0246","url":"/css/listProducts/listProducts.css.map","msg":"Ruta inexistente"}
{"level":40,"time":1668126170676,"pid":868,"hostname":"DESKTOP-G2R0246","url":"/css/listProducts/listProducts.css.map","msg":"Ruta inexistente"}
{"level":40,"time":1668126171140,"pid":868,"hostname":"DESKTOP-G2R0246","url":"/undefined","msg":"Ruta inexistente"}
{"level":40,"time":1668126339597,"pid":19556,"hostname":"DESKTOP-G2R0246","url":"/undefined","msg":"Ruta inexistente"}
{"level":40,"time":1668126544139,"pid":17164,"hostname":"DESKTOP-G2R0246","url":"/undefined","msg":"Ruta inexistente"}
{"level":40,"time":1668126558035,"pid":20112,"hostname":"DESKTOP-G2R0246","url":"/undefined","msg":"Ruta inexistente"}
{"level":40,"time":1668126562804,"pid":20112,"hostname":"DESKTOP-G2R0246","url":"/undefined","msg":"Ruta inexistente"}
{"level":40,"time":1668126565238,"pid":20112,"hostname":"DESKTOP-G2R0246","url":"/undefined","msg":"Ruta inexistente"}
{"level":40,"time":1668126574578,"pid":20112,"hostname":"DESKTOP-G2R0246","url":"/undefined","msg":"Ruta inexistente"}
{"level":40,"time":1668126576953,"pid":20112,"hostname":"DESKTOP-G2R0246","url":"/undefined","msg":"Ruta inexistente"}
{"level":40,"time":1668126579208,"pid":20112,"hostname":"DESKTOP-G2R0246","url":"/undefined","msg":"Ruta inexistente"}
{"level":40,"time":1668126581456,"pid":20112,"hostname":"DESKTOP-G2R0246","url":"/undefined","msg":"Ruta inexistente"}
{"level":40,"time":1668126583451,"pid":20112,"hostname":"DESKTOP-G2R0246","url":"/undefined","msg":"Ruta inexistente"}
{"level":40,"time":1668126585700,"pid":20112,"hostname":"DESKTOP-G2R0246","url":"/undefined","msg":"Ruta inexistente"}
{"level":40,"time":1668126587871,"pid":20112,"hostname":"DESKTOP-G2R0246","url":"/undefined","msg":"Ruta inexistente"}
{"level":40,"time":1668126589854,"pid":20112,"hostname":"DESKTOP-G2R0246","url":"/undefined","msg":"Ruta inexistente"}
{"level":40,"time":1668126690896,"pid":22292,"hostname":"DESKTOP-G2R0246","url":"/undefined","msg":"Ruta inexistente"}
{"level":40,"time":1668126691372,"pid":22292,"hostname":"DESKTOP-G2R0246","url":"/css/listProducts/listProducts.css.map","msg":"Ruta inexistente"}
{"level":40,"time":1668126695944,"pid":22292,"hostname":"DESKTOP-G2R0246","url":"/undefined","msg":"Ruta inexistente"}
{"level":40,"time":1668126695975,"pid":22292,"hostname":"DESKTOP-G2R0246","url":"/css/listProducts/listProducts.css.map","msg":"Ruta inexistente"}
{"level":40,"time":1668126698845,"pid":22292,"hostname":"DESKTOP-G2R0246","url":"/undefined","msg":"Ruta inexistente"}
{"level":40,"time":1668126698907,"pid":22292,"hostname":"DESKTOP-G2R0246","url":"/css/listProducts/listProducts.css.map","msg":"Ruta inexistente"}
{"level":40,"time":1668126700823,"pid":22292,"hostname":"DESKTOP-G2R0246","url":"/undefined","msg":"Ruta inexistente"}
{"level":40,"time":1668126700881,"pid":22292,"hostname":"DESKTOP-G2R0246","url":"/css/listProducts/listProducts.css.map","msg":"Ruta inexistente"}
{"level":40,"time":1668126702021,"pid":22292,"hostname":"DESKTOP-G2R0246","url":"/undefined","msg":"Ruta inexistente"}
{"level":40,"time":1668126702058,"pid":22292,"hostname":"DESKTOP-G2R0246","url":"/css/listProducts/listProducts.css.map","msg":"Ruta inexistente"}
{"level":40,"time":1668126703268,"pid":22292,"hostname":"DESKTOP-G2R0246","url":"/undefined","msg":"Ruta inexistente"}
{"level":40,"time":1668126703323,"pid":22292,"hostname":"DESKTOP-G2R0246","url":"/css/listProducts/listProducts.css.map","msg":"Ruta inexistente"}
{"level":40,"time":1668126704457,"pid":7400,"hostname":"DESKTOP-G2R0246","url":"/undefined","msg":"Ruta inexistente"}
{"level":40,"time":1668126704488,"pid":22292,"hostname":"DESKTOP-G2R0246","url":"/css/listProducts/listProducts.css.map","msg":"Ruta inexistente"}
{"level":40,"time":1668126705653,"pid":22292,"hostname":"DESKTOP-G2R0246","url":"/undefined","msg":"Ruta inexistente"}
{"level":40,"time":1668126705713,"pid":22292,"hostname":"DESKTOP-G2R0246","url":"/css/listProducts/listProducts.css.map","msg":"Ruta inexistente"}
{"level":40,"time":1668126706820,"pid":22292,"hostname":"DESKTOP-G2R0246","url":"/undefined","msg":"Ruta inexistente"}
{"level":40,"time":1668126706847,"pid":22292,"hostname":"DESKTOP-G2R0246","url":"/css/listProducts/listProducts.css.map","msg":"Ruta inexistente"}
{"level":40,"time":1668126709841,"pid":22292,"hostname":"DESKTOP-G2R0246","url":"/undefined","msg":"Ruta inexistente"}
{"level":40,"time":1668126709915,"pid":22292,"hostname":"DESKTOP-G2R0246","url":"/css/listProducts/listProducts.css.map","msg":"Ruta inexistente"}
{"level":40,"time":1668126711089,"pid":22292,"hostname":"DESKTOP-G2R0246","url":"/undefined","msg":"Ruta inexistente"}
{"level":40,"time":1668126711142,"pid":22292,"hostname":"DESKTOP-G2R0246","url":"/css/listProducts/listProducts.css.map","msg":"Ruta inexistente"}
{"level":40,"time":1668126713025,"pid":22292,"hostname":"DESKTOP-G2R0246","url":"/undefined","msg":"Ruta inexistente"}
{"level":40,"time":1668126713068,"pid":22292,"hostname":"DESKTOP-G2R0246","url":"/css/listProducts/listProducts.css.map","msg":"Ruta inexistente"}
{"level":40,"time":1668126714187,"pid":22292,"hostname":"DESKTOP-G2R0246","url":"/undefined","msg":"Ruta inexistente"}
{"level":40,"time":1668126714227,"pid":22292,"hostname":"DESKTOP-G2R0246","url":"/css/listProducts/listProducts.css.map","msg":"Ruta inexistente"}
{"level":40,"time":1668126715727,"pid":22292,"hostname":"DESKTOP-G2R0246","url":"/undefined","msg":"Ruta inexistente"}
{"level":40,"time":1668126715786,"pid":22292,"hostname":"DESKTOP-G2R0246","url":"/css/listProducts/listProducts.css.map","msg":"Ruta inexistente"}
{"level":40,"time":1668126717252,"pid":22292,"hostname":"DESKTOP-G2R0246","url":"/undefined","msg":"Ruta inexistente"}
{"level":40,"time":1668126717299,"pid":22292,"hostname":"DESKTOP-G2R0246","url":"/css/listProducts/listProducts.css.map","msg":"Ruta inexistente"}
{"level":40,"time":1668126718593,"pid":22292,"hostname":"DESKTOP-G2R0246","url":"/undefined","msg":"Ruta inexistente"}
{"level":40,"time":1668126718643,"pid":22292,"hostname":"DESKTOP-G2R0246","url":"/css/listProducts/listProducts.css.map","msg":"Ruta inexistente"}
{"level":40,"time":1668126719950,"pid":22292,"hostname":"DESKTOP-G2R0246","url":"/undefined","msg":"Ruta inexistente"}
{"level":40,"time":1668126720004,"pid":22292,"hostname":"DESKTOP-G2R0246","url":"/css/listProducts/listProducts.css.map","msg":"Ruta inexistente"}
{"level":40,"time":1668126721077,"pid":22292,"hostname":"DESKTOP-G2R0246","url":"/undefined","msg":"Ruta inexistente"}
{"level":40,"time":1668126721128,"pid":22292,"hostname":"DESKTOP-G2R0246","url":"/css/listProducts/listProducts.css.map","msg":"Ruta inexistente"}
{"level":40,"time":1668126722692,"pid":22292,"hostname":"DESKTOP-G2R0246","url":"/undefined","msg":"Ruta inexistente"}
{"level":40,"time":1668126722719,"pid":22292,"hostname":"DESKTOP-G2R0246","url":"/css/listProducts/listProducts.css.map","msg":"Ruta inexistente"}
{"level":40,"time":1668126724284,"pid":22292,"hostname":"DESKTOP-G2R0246","url":"/undefined","msg":"Ruta inexistente"}
{"level":40,"time":1668126724354,"pid":22292,"hostname":"DESKTOP-G2R0246","url":"/css/listProducts/listProducts.css.map","msg":"Ruta inexistente"}
{"level":40,"time":1668126735688,"pid":22292,"hostname":"DESKTOP-G2R0246","url":"/css/listProducts/listProducts.css.map","msg":"Ruta inexistente"}
{"level":40,"time":1668126886019,"pid":14116,"hostname":"DESKTOP-G2R0246","url":"/css/listProducts/listProducts.css.map","msg":"Ruta inexistente"}
{"level":40,"time":1668126913946,"pid":14116,"hostname":"DESKTOP-G2R0246","url":"/css/listProducts/listProducts.css.map","msg":"Ruta inexistente"}
{"level":40,"time":1668126932481,"pid":14116,"hostname":"DESKTOP-G2R0246","url":"/css/listProducts/listProducts.css.map","msg":"Ruta inexistente"}
{"level":40,"time":1668127030948,"pid":8496,"hostname":"DESKTOP-G2R0246","url":"/css/listProducts/listProducts.css.map","msg":"Ruta inexistente"}
{"level":40,"time":1668127108955,"pid":11764,"hostname":"DESKTOP-G2R0246","url":"/css/listProducts/listProducts.css.map","msg":"Ruta inexistente"}
{"level":40,"time":1668127216602,"pid":13720,"hostname":"DESKTOP-G2R0246","url":"/css/listProducts/listProducts.css.map","msg":"Ruta inexistente"}
{"level":40,"time":1668127252581,"pid":8496,"hostname":"DESKTOP-G2R0246","url":"/undefined","msg":"Ruta inexistente"}
{"level":40,"time":1668127252626,"pid":8496,"hostname":"DESKTOP-G2R0246","url":"/css/listProducts/listProducts.css.map","msg":"Ruta inexistente"}
{"level":40,"time":1668127269458,"pid":8496,"hostname":"DESKTOP-G2R0246","url":"/undefined","msg":"Ruta inexistente"}
{"level":40,"time":1668127269497,"pid":8496,"hostname":"DESKTOP-G2R0246","url":"/css/listProducts/listProducts.css.map","msg":"Ruta inexistente"}
{"level":40,"time":1668127271550,"pid":8496,"hostname":"DESKTOP-G2R0246","url":"/undefined","msg":"Ruta inexistente"}
{"level":40,"time":1668127271611,"pid":8496,"hostname":"DESKTOP-G2R0246","url":"/css/listProducts/listProducts.css.map","msg":"Ruta inexistente"}
{"level":40,"time":1668127276235,"pid":8496,"hostname":"DESKTOP-G2R0246","url":"/undefined","msg":"Ruta inexistente"}
{"level":40,"time":1668127276245,"pid":8496,"hostname":"DESKTOP-G2R0246","url":"/css/listProducts/listProducts.css.map","msg":"Ruta inexistente"}
{"level":40,"time":1668127289208,"pid":8496,"hostname":"DESKTOP-G2R0246","url":"/undefined","msg":"Ruta inexistente"}
{"level":40,"time":1668127438721,"pid":15344,"hostname":"DESKTOP-G2R0246","url":"/undefined","msg":"Ruta inexistente"}
{"level":40,"time":1668127447563,"pid":18300,"hostname":"DESKTOP-G2R0246","url":"/undefined","msg":"Ruta inexistente"}
{"level":40,"time":1668127449602,"pid":18300,"hostname":"DESKTOP-G2R0246","url":"/undefined","msg":"Ruta inexistente"}
{"level":40,"time":1668127451915,"pid":18300,"hostname":"DESKTOP-G2R0246","url":"/undefined","msg":"Ruta inexistente"}
{"level":40,"time":1668127453868,"pid":18300,"hostname":"DESKTOP-G2R0246","url":"/undefined","msg":"Ruta inexistente"}
{"level":40,"time":1668127455564,"pid":18300,"hostname":"DESKTOP-G2R0246","url":"/undefined","msg":"Ruta inexistente"}
{"level":40,"time":1668127456957,"pid":18300,"hostname":"DESKTOP-G2R0246","url":"/undefined","msg":"Ruta inexistente"}
{"level":40,"time":1668127458268,"pid":18300,"hostname":"DESKTOP-G2R0246","url":"/undefined","msg":"Ruta inexistente"}
{"level":40,"time":1668127459916,"pid":18300,"hostname":"DESKTOP-G2R0246","url":"/undefined","msg":"Ruta inexistente"}
{"level":40,"time":1668127461123,"pid":18300,"hostname":"DESKTOP-G2R0246","url":"/undefined","msg":"Ruta inexistente"}
{"level":40,"time":1668127462353,"pid":18300,"hostname":"DESKTOP-G2R0246","url":"/undefined","msg":"Ruta inexistente"}
{"level":40,"time":1668127463659,"pid":18300,"hostname":"DESKTOP-G2R0246","url":"/undefined","msg":"Ruta inexistente"}
{"level":40,"time":1668127464973,"pid":18300,"hostname":"DESKTOP-G2R0246","url":"/undefined","msg":"Ruta inexistente"}
{"level":40,"time":1668127466147,"pid":18300,"hostname":"DESKTOP-G2R0246","url":"/undefined","msg":"Ruta inexistente"}
{"level":40,"time":1668127467437,"pid":18300,"hostname":"DESKTOP-G2R0246","url":"/undefined","msg":"Ruta inexistente"}
{"level":40,"time":1668127469086,"pid":18300,"hostname":"DESKTOP-G2R0246","url":"/undefined","msg":"Ruta inexistente"}
{"level":40,"time":1668127470629,"pid":18300,"hostname":"DESKTOP-G2R0246","url":"/undefined","msg":"Ruta inexistente"}
{"level":40,"time":1668127473394,"pid":18300,"hostname":"DESKTOP-G2R0246","url":"/undefined","msg":"Ruta inexistente"}
{"level":40,"time":1668127475634,"pid":18300,"hostname":"DESKTOP-G2R0246","url":"/undefined","msg":"Ruta inexistente"}
{"level":40,"time":1668127478106,"pid":18300,"hostname":"DESKTOP-G2R0246","url":"/undefined","msg":"Ruta inexistente"}
{"level":40,"time":1668127480617,"pid":18300,"hostname":"DESKTOP-G2R0246","url":"/undefined","msg":"Ruta inexistente"}
{"level":40,"time":1668127483858,"pid":18300,"hostname":"DESKTOP-G2R0246","url":"/undefined","msg":"Ruta inexistente"}
{"level":40,"time":1668127486165,"pid":18300,"hostname":"DESKTOP-G2R0246","url":"/undefined","msg":"Ruta inexistente"}
{"level":40,"time":1668127487951,"pid":18300,"hostname":"DESKTOP-G2R0246","url":"/undefined","msg":"Ruta inexistente"}
{"level":40,"time":1668127489862,"pid":18300,"hostname":"DESKTOP-G2R0246","url":"/undefined","msg":"Ruta inexistente"}
{"level":40,"time":1668127491698,"pid":18300,"hostname":"DESKTOP-G2R0246","url":"/undefined","msg":"Ruta inexistente"}
{"level":40,"time":1668127493460,"pid":18300,"hostname":"DESKTOP-G2R0246","url":"/undefined","msg":"Ruta inexistente"}
{"level":40,"time":1668127528724,"pid":18300,"hostname":"DESKTOP-G2R0246","url":"/undefined","msg":"Ruta inexistente"}
{"level":40,"time":1668127531694,"pid":18300,"hostname":"DESKTOP-G2R0246","url":"/undefined","msg":"Ruta inexistente"}
{"level":40,"time":1668127533475,"pid":18300,"hostname":"DESKTOP-G2R0246","url":"/undefined","msg":"Ruta inexistente"}
{"level":40,"time":1668127535122,"pid":18300,"hostname":"DESKTOP-G2R0246","url":"/undefined","msg":"Ruta inexistente"}
{"level":40,"time":1668127536668,"pid":15344,"hostname":"DESKTOP-G2R0246","url":"/undefined","msg":"Ruta inexistente"}
{"level":40,"time":1668127797398,"pid":18300,"hostname":"DESKTOP-G2R0246","url":"/undefined","msg":"Ruta inexistente"}
{"level":40,"time":1668127801285,"pid":18300,"hostname":"DESKTOP-G2R0246","url":"/undefined","msg":"Ruta inexistente"}
{"level":40,"time":1668127803357,"pid":15344,"hostname":"DESKTOP-G2R0246","url":"/undefined","msg":"Ruta inexistente"}
{"level":40,"time":1668127806092,"pid":18300,"hostname":"DESKTOP-G2R0246","url":"/undefined","msg":"Ruta inexistente"}
{"level":40,"time":1668127808252,"pid":18300,"hostname":"DESKTOP-G2R0246","url":"/undefined","msg":"Ruta inexistente"}
{"level":40,"time":1668127815482,"pid":18300,"hostname":"DESKTOP-G2R0246","url":"/undefined","msg":"Ruta inexistente"}
{"level":40,"time":1668127820916,"pid":16164,"hostname":"DESKTOP-G2R0246","url":"/undefined","msg":"Ruta inexistente"}
{"level":40,"time":1668127828170,"pid":18300,"hostname":"DESKTOP-G2R0246","url":"/undefined","msg":"Ruta inexistente"}
{"level":40,"time":1668127831310,"pid":16164,"hostname":"DESKTOP-G2R0246","url":"/undefined","msg":"Ruta inexistente"}
{"level":40,"time":1668127834588,"pid":16164,"hostname":"DESKTOP-G2R0246","url":"/undefined","msg":"Ruta inexistente"}
{"level":40,"time":1668127837738,"pid":18300,"hostname":"DESKTOP-G2R0246","url":"/undefined","msg":"Ruta inexistente"}
{"level":40,"time":1668127839524,"pid":18300,"hostname":"DESKTOP-G2R0246","url":"/undefined","msg":"Ruta inexistente"}
{"level":40,"time":1668127841615,"pid":18300,"hostname":"DESKTOP-G2R0246","url":"/undefined","msg":"Ruta inexistente"}
{"level":40,"time":1668127843420,"pid":18300,"hostname":"DESKTOP-G2R0246","url":"/undefined","msg":"Ruta inexistente"}
{"level":40,"time":1668127846665,"pid":18300,"hostname":"DESKTOP-G2R0246","url":"/undefined","msg":"Ruta inexistente"}
{"level":40,"time":1668127849118,"pid":18300,"hostname":"DESKTOP-G2R0246","url":"/undefined","msg":"Ruta inexistente"}
{"level":40,"time":1668127852098,"pid":18300,"hostname":"DESKTOP-G2R0246","url":"/undefined","msg":"Ruta inexistente"}
{"level":40,"time":1668127854618,"pid":16164,"hostname":"DESKTOP-G2R0246","url":"/undefined","msg":"Ruta inexistente"}
{"level":40,"time":1668127916375,"pid":16164,"hostname":"DESKTOP-G2R0246","url":"/undefined","msg":"Ruta inexistente"}
{"level":40,"time":1668127918703,"pid":16164,"hostname":"DESKTOP-G2R0246","url":"/undefined","msg":"Ruta inexistente"}
{"level":40,"time":1668127921156,"pid":18300,"hostname":"DESKTOP-G2R0246","url":"/undefined","msg":"Ruta inexistente"}
{"level":40,"time":1668127922473,"pid":16164,"hostname":"DESKTOP-G2R0246","url":"/undefined","msg":"Ruta inexistente"}
{"level":40,"time":1668127923777,"pid":16164,"hostname":"DESKTOP-G2R0246","url":"/undefined","msg":"Ruta inexistente"}
{"level":40,"time":1668127925040,"pid":16164,"hostname":"DESKTOP-G2R0246","url":"/undefined","msg":"Ruta inexistente"}
{"level":40,"time":1668127926076,"pid":16164,"hostname":"DESKTOP-G2R0246","url":"/undefined","msg":"Ruta inexistente"}
{"level":40,"time":1668127927262,"pid":18300,"hostname":"DESKTOP-G2R0246","url":"/undefined","msg":"Ruta inexistente"}
{"level":40,"time":1668127928604,"pid":16164,"hostname":"DESKTOP-G2R0246","url":"/undefined","msg":"Ruta inexistente"}
{"level":40,"time":1668127929845,"pid":16164,"hostname":"DESKTOP-G2R0246","url":"/undefined","msg":"Ruta inexistente"}
{"level":40,"time":1668127931067,"pid":16164,"hostname":"DESKTOP-G2R0246","url":"/undefined","msg":"Ruta inexistente"}
{"level":40,"time":1668127932184,"pid":16164,"hostname":"DESKTOP-G2R0246","url":"/undefined","msg":"Ruta inexistente"}
{"level":40,"time":1668127933384,"pid":16164,"hostname":"DESKTOP-G2R0246","url":"/undefined","msg":"Ruta inexistente"}
{"level":40,"time":1668127934590,"pid":16164,"hostname":"DESKTOP-G2R0246","url":"/undefined","msg":"Ruta inexistente"}
{"level":40,"time":1668127935787,"pid":18300,"hostname":"DESKTOP-G2R0246","url":"/undefined","msg":"Ruta inexistente"}
{"level":40,"time":1668131358646,"pid":16164,"hostname":"DESKTOP-G2R0246","url":"/undefined","msg":"Ruta inexistente"}
{"level":40,"time":1668131398303,"pid":16164,"hostname":"DESKTOP-G2R0246","url":"/undefined","msg":"Ruta inexistente"}
{"level":40,"time":1668131403337,"pid":16164,"hostname":"DESKTOP-G2R0246","url":"/undefined","msg":"Ruta inexistente"}
{"level":40,"time":1668131408727,"pid":18300,"hostname":"DESKTOP-G2R0246","url":"/undefined","msg":"Ruta inexistente"}
{"level":40,"time":1668131423701,"pid":14876,"hostname":"DESKTOP-G2R0246","url":"/undefined","msg":"Ruta inexistente"}
{"level":40,"time":1668131654616,"pid":21284,"hostname":"DESKTOP-G2R0246","url":"/undefined","msg":"Ruta inexistente"}
{"level":40,"time":1668131664151,"pid":21284,"hostname":"DESKTOP-G2R0246","url":"/undefined","msg":"Ruta inexistente"}
{"level":40,"time":1668131667525,"pid":21284,"hostname":"DESKTOP-G2R0246","url":"/undefined","msg":"Ruta inexistente"}
{"level":40,"time":1668131670906,"pid":21284,"hostname":"DESKTOP-G2R0246","url":"/undefined","msg":"Ruta inexistente"}
{"level":40,"time":1668131682964,"pid":21284,"hostname":"DESKTOP-G2R0246","url":"/undefined","msg":"Ruta inexistente"}
{"level":40,"time":1668131685559,"pid":21284,"hostname":"DESKTOP-G2R0246","url":"/undefined","msg":"Ruta inexistente"}
{"level":40,"time":1668131687734,"pid":21284,"hostname":"DESKTOP-G2R0246","url":"/undefined","msg":"Ruta inexistente"}
{"level":40,"time":1668131690203,"pid":21284,"hostname":"DESKTOP-G2R0246","url":"/undefined","msg":"Ruta inexistente"}
{"level":40,"time":1668131693062,"pid":21284,"hostname":"DESKTOP-G2R0246","url":"/undefined","msg":"Ruta inexistente"}
{"level":40,"time":1668131695633,"pid":21284,"hostname":"DESKTOP-G2R0246","url":"/undefined","msg":"Ruta inexistente"}
{"level":40,"time":1668131792629,"pid":21284,"hostname":"DESKTOP-G2R0246","url":"/undefined","msg":"Ruta inexistente"}
{"level":40,"time":1668131794579,"pid":21284,"hostname":"DESKTOP-G2R0246","url":"/undefined","msg":"Ruta inexistente"}
{"level":40,"time":1668131796122,"pid":21284,"hostname":"DESKTOP-G2R0246","url":"/undefined","msg":"Ruta inexistente"}
{"level":40,"time":1668131797595,"pid":21284,"hostname":"DESKTOP-G2R0246","url":"/undefined","msg":"Ruta inexistente"}
{"level":40,"time":1668131799548,"pid":21284,"hostname":"DESKTOP-G2R0246","url":"/undefined","msg":"Ruta inexistente"}
{"level":40,"time":1668131801034,"pid":21284,"hostname":"DESKTOP-G2R0246","url":"/undefined","msg":"Ruta inexistente"}
{"level":40,"time":1668131802761,"pid":21284,"hostname":"DESKTOP-G2R0246","url":"/undefined","msg":"Ruta inexistente"}
{"level":40,"time":1668131805254,"pid":21284,"hostname":"DESKTOP-G2R0246","url":"/undefined","msg":"Ruta inexistente"}
{"level":40,"time":1668131807618,"pid":21284,"hostname":"DESKTOP-G2R0246","url":"/undefined","msg":"Ruta inexistente"}
{"level":40,"time":1668131899258,"pid":21284,"hostname":"DESKTOP-G2R0246","url":"/undefined","msg":"Ruta inexistente"}
{"level":40,"time":1668131901718,"pid":21284,"hostname":"DESKTOP-G2R0246","url":"/undefined","msg":"Ruta inexistente"}
{"level":40,"time":1668131904190,"pid":21284,"hostname":"DESKTOP-G2R0246","url":"/undefined","msg":"Ruta inexistente"}
{"level":40,"time":1668132697779,"pid":10152,"hostname":"DESKTOP-G2R0246","url":"/undefined","msg":"Ruta inexistente"}
{"level":40,"time":1668133572578,"pid":17588,"hostname":"DESKTOP-G2R0246","url":"/undefined","msg":"Ruta inexistente"}
{"level":40,"time":1668133636230,"pid":17588,"hostname":"DESKTOP-G2R0246","url":"/css/listProducts/listProducts.css.map","msg":"Ruta inexistente"}
{"level":40,"time":1668133937548,"pid":20636,"hostname":"DESKTOP-G2R0246","url":"/css/listProducts/listProducts.css.map","msg":"Ruta inexistente"}
{"level":40,"time":1668134156188,"pid":21140,"hostname":"DESKTOP-G2R0246","url":"/css/listProducts/listProducts.css.map","msg":"Ruta inexistente"}
{"level":40,"time":1668134447575,"pid":19252,"hostname":"DESKTOP-G2R0246","url":"/css/listProducts/listProducts.css.map","msg":"Ruta inexistente"}
{"level":40,"time":1668134813385,"pid":19252,"hostname":"DESKTOP-G2R0246","url":"/css/listProducts/listProducts.css.map","msg":"Ruta inexistente"}
{"level":40,"time":1668134960201,"pid":11336,"hostname":"DESKTOP-G2R0246","url":"/css/listProducts/listProducts.css.map","msg":"Ruta inexistente"}
{"level":40,"time":1668135048367,"pid":1100,"hostname":"DESKTOP-G2R0246","url":"/css/listProducts/listProducts.css.map","msg":"Ruta inexistente"}
{"level":40,"time":1668135163299,"pid":20568,"hostname":"DESKTOP-G2R0246","url":"/css/listProducts/listProducts.css.map","msg":"Ruta inexistente"}
{"level":40,"time":1668135236942,"pid":13076,"hostname":"DESKTOP-G2R0246","url":"/css/listProducts/listProducts.css.map","msg":"Ruta inexistente"}
{"level":40,"time":1668135275266,"pid":8960,"hostname":"DESKTOP-G2R0246","url":"/css/listProducts/listProducts.css.map","msg":"Ruta inexistente"}
{"level":40,"time":1668135275630,"pid":8960,"hostname":"DESKTOP-G2R0246","url":"/undefined","msg":"Ruta inexistente"}
{"level":40,"time":1668135332522,"pid":16280,"hostname":"DESKTOP-G2R0246","url":"/undefined","msg":"Ruta inexistente"}
{"level":40,"time":1668135332995,"pid":16280,"hostname":"DESKTOP-G2R0246","url":"/css/listProducts/listProducts.css.map","msg":"Ruta inexistente"}
{"level":40,"time":1668135357279,"pid":16280,"hostname":"DESKTOP-G2R0246","url":"/css/listProducts/listProducts.css.map","msg":"Ruta inexistente"}
{"level":40,"time":1668135504903,"pid":13392,"hostname":"DESKTOP-G2R0246","url":"/css/listProducts/listProducts.css.map","msg":"Ruta inexistente"}
{"level":40,"time":1668135612457,"pid":22076,"hostname":"DESKTOP-G2R0246","url":"/css/listProducts/listProducts.css.map","msg":"Ruta inexistente"}
{"level":40,"time":1668136123979,"pid":6576,"hostname":"DESKTOP-G2R0246","url":"/css/listProducts/listProducts.css.map","msg":"Ruta inexistente"}
{"level":40,"time":1668136465449,"pid":6576,"hostname":"DESKTOP-G2R0246","url":"/css/listProducts/listProducts.css.map","msg":"Ruta inexistente"}
{"level":40,"time":1668136469602,"pid":6576,"hostname":"DESKTOP-G2R0246","url":"/css/listProducts/listProducts.css.map","msg":"Ruta inexistente"}
{"level":40,"time":1668136485438,"pid":6576,"hostname":"DESKTOP-G2R0246","url":"/css/listProducts/listProducts.css.map","msg":"Ruta inexistente"}
{"level":40,"time":1668136488451,"pid":6576,"hostname":"DESKTOP-G2R0246","url":"/css/listProducts/listProducts.css.map","msg":"Ruta inexistente"}
{"level":40,"time":1668136662019,"pid":19064,"hostname":"DESKTOP-G2R0246","url":"/css/listProducts/listProducts.css.map","msg":"Ruta inexistente"}
{"level":40,"time":1668136667829,"pid":19064,"hostname":"DESKTOP-G2R0246","url":"/css/listProducts/listProducts.css.map","msg":"Ruta inexistente"}
{"level":40,"time":1668136756328,"pid":15460,"hostname":"DESKTOP-G2R0246","url":"/css/listProducts/listProducts.css.map","msg":"Ruta inexistente"}
{"level":40,"time":1668136759234,"pid":15460,"hostname":"DESKTOP-G2R0246","url":"/css/listProducts/listProducts.css.map","msg":"Ruta inexistente"}
{"level":40,"time":1668136833468,"pid":5076,"hostname":"DESKTOP-G2R0246","url":"/css/listProducts/listProducts.css.map","msg":"Ruta inexistente"}
{"level":40,"time":1668136837529,"pid":5076,"hostname":"DESKTOP-G2R0246","url":"/css/listProducts/listProducts.css.map","msg":"Ruta inexistente"}
{"level":40,"time":1668136905135,"pid":15508,"hostname":"DESKTOP-G2R0246","url":"/css/listProducts/listProducts.css.map","msg":"Ruta inexistente"}
{"level":40,"time":1668136908119,"pid":15508,"hostname":"DESKTOP-G2R0246","url":"/css/listProducts/listProducts.css.map","msg":"Ruta inexistente"}
{"level":40,"time":1668137777445,"pid":18532,"hostname":"DESKTOP-G2R0246","url":"/undefined","msg":"Ruta inexistente"}
{"level":40,"time":1668137867020,"pid":20060,"hostname":"DESKTOP-G2R0246","url":"/undefined","msg":"Ruta inexistente"}
{"level":40,"time":1668137925034,"pid":17340,"hostname":"DESKTOP-G2R0246","url":"/undefined","msg":"Ruta inexistente"}
{"level":40,"time":1668138093402,"pid":17340,"hostname":"DESKTOP-G2R0246","url":"/undefined","msg":"Ruta inexistente"}
{"level":40,"time":1668138116739,"pid":17340,"hostname":"DESKTOP-G2R0246","url":"/undefined","msg":"Ruta inexistente"}
{"level":40,"time":1668138142933,"pid":18532,"hostname":"DESKTOP-G2R0246","url":"/undefined","msg":"Ruta inexistente"}
{"level":40,"time":1668138169016,"pid":18532,"hostname":"DESKTOP-G2R0246","url":"/undefined","msg":"Ruta inexistente"}
{"level":40,"time":1668138185811,"pid":17340,"hostname":"DESKTOP-G2R0246","url":"/undefined","msg":"Ruta inexistente"}
{"level":40,"time":1668138191469,"pid":17340,"hostname":"DESKTOP-G2R0246","url":"/undefined","msg":"Ruta inexistente"}
{"level":40,"time":1668138198603,"pid":18532,"hostname":"DESKTOP-G2R0246","url":"/undefined","msg":"Ruta inexistente"}
{"level":40,"time":1668138201335,"pid":18532,"hostname":"DESKTOP-G2R0246","url":"/undefined","msg":"Ruta inexistente"}
{"level":40,"time":1668138204249,"pid":17340,"hostname":"DESKTOP-G2R0246","url":"/undefined","msg":"Ruta inexistente"}
{"level":40,"time":1668138218169,"pid":18532,"hostname":"DESKTOP-G2R0246","url":"/undefined","msg":"Ruta inexistente"}
{"level":40,"time":1668138221288,"pid":17340,"hostname":"DESKTOP-G2R0246","url":"/undefined","msg":"Ruta inexistente"}
{"level":40,"time":1668138223823,"pid":17340,"hostname":"DESKTOP-G2R0246","url":"/undefined","msg":"Ruta inexistente"}
{"level":40,"time":1668138225925,"pid":17340,"hostname":"DESKTOP-G2R0246","url":"/undefined","msg":"Ruta inexistente"}
{"level":40,"time":1668138227242,"pid":18532,"hostname":"DESKTOP-G2R0246","url":"/undefined","msg":"Ruta inexistente"}
{"level":40,"time":1668138250042,"pid":17340,"hostname":"DESKTOP-G2R0246","url":"/undefined","msg":"Ruta inexistente"}
{"level":40,"time":1668138252144,"pid":17340,"hostname":"DESKTOP-G2R0246","url":"/undefined","msg":"Ruta inexistente"}
{"level":40,"time":1668138254200,"pid":18532,"hostname":"DESKTOP-G2R0246","url":"/undefined","msg":"Ruta inexistente"}
{"level":40,"time":1668138258700,"pid":17340,"hostname":"DESKTOP-G2R0246","url":"/undefined","msg":"Ruta inexistente"}
{"level":40,"time":1668138262854,"pid":18532,"hostname":"DESKTOP-G2R0246","url":"/undefined","msg":"Ruta inexistente"}
{"level":40,"time":1668138280106,"pid":17340,"hostname":"DESKTOP-G2R0246","url":"/undefined","msg":"Ruta inexistente"}
{"level":40,"time":1668138283815,"pid":18532,"hostname":"DESKTOP-G2R0246","url":"/undefined","msg":"Ruta inexistente"}
{"level":40,"time":1668138287508,"pid":17340,"hostname":"DESKTOP-G2R0246","url":"/undefined","msg":"Ruta inexistente"}
{"level":40,"time":1668138289616,"pid":17340,"hostname":"DESKTOP-G2R0246","url":"/undefined","msg":"Ruta inexistente"}
{"level":40,"time":1668138292012,"pid":17340,"hostname":"DESKTOP-G2R0246","url":"/undefined","msg":"Ruta inexistente"}
{"level":40,"time":1668138307064,"pid":17340,"hostname":"DESKTOP-G2R0246","url":"/undefined","msg":"Ruta inexistente"}
{"level":40,"time":1668138309655,"pid":17340,"hostname":"DESKTOP-G2R0246","url":"/undefined","msg":"Ruta inexistente"}
{"level":40,"time":1668138312453,"pid":17340,"hostname":"DESKTOP-G2R0246","url":"/undefined","msg":"Ruta inexistente"}
{"level":40,"time":1668138315123,"pid":17340,"hostname":"DESKTOP-G2R0246","url":"/undefined","msg":"Ruta inexistente"}
{"level":40,"time":1668138317775,"pid":17340,"hostname":"DESKTOP-G2R0246","url":"/undefined","msg":"Ruta inexistente"}
{"level":40,"time":1668138320574,"pid":17340,"hostname":"DESKTOP-G2R0246","url":"/undefined","msg":"Ruta inexistente"}
{"level":40,"time":1668138323556,"pid":17340,"hostname":"DESKTOP-G2R0246","url":"/undefined","msg":"Ruta inexistente"}
{"level":40,"time":1668138326188,"pid":17340,"hostname":"DESKTOP-G2R0246","url":"/undefined","msg":"Ruta inexistente"}
{"level":40,"time":1668138328726,"pid":17340,"hostname":"DESKTOP-G2R0246","url":"/undefined","msg":"Ruta inexistente"}
{"level":40,"time":1668138331306,"pid":18532,"hostname":"DESKTOP-G2R0246","url":"/undefined","msg":"Ruta inexistente"}
{"level":40,"time":1668138336361,"pid":17340,"hostname":"DESKTOP-G2R0246","url":"/undefined","msg":"Ruta inexistente"}
{"level":40,"time":1668138348203,"pid":17340,"hostname":"DESKTOP-G2R0246","url":"/undefined","msg":"Ruta inexistente"}
{"level":40,"time":1668138350880,"pid":18532,"hostname":"DESKTOP-G2R0246","url":"/undefined","msg":"Ruta inexistente"}
{"level":40,"time":1668138353230,"pid":18532,"hostname":"DESKTOP-G2R0246","url":"/undefined","msg":"Ruta inexistente"}
{"level":40,"time":1668138354184,"pid":17340,"hostname":"DESKTOP-G2R0246","url":"/undefined","msg":"Ruta inexistente"}
{"level":40,"time":1668138355103,"pid":17340,"hostname":"DESKTOP-G2R0246","url":"/undefined","msg":"Ruta inexistente"}
{"level":40,"time":1668138356017,"pid":18532,"hostname":"DESKTOP-G2R0246","url":"/undefined","msg":"Ruta inexistente"}
{"level":40,"time":1668138356814,"pid":18532,"hostname":"DESKTOP-G2R0246","url":"/undefined","msg":"Ruta inexistente"}
{"level":40,"time":1671629262183,"pid":18084,"hostname":"DESKTOP-G2R0246","url":"/favicon.ico","msg":"Ruta inexistente"}
{"level":40,"time":1671629279432,"pid":18084,"hostname":"DESKTOP-G2R0246","url":"/ruta%20de%20foto","msg":"Ruta inexistente"}
{"level":40,"time":1671629279696,"pid":3908,"hostname":"DESKTOP-G2R0246","url":"/favicon.ico","msg":"Ruta inexistente"}
{"level":40,"time":1671629353420,"pid":3908,"hostname":"DESKTOP-G2R0246","url":"/info","msg":"Ruta inexistente"}
{"level":40,"time":1671629353832,"pid":3908,"hostname":"DESKTOP-G2R0246","url":"/favicon.ico","msg":"Ruta inexistente"}
{"level":40,"time":1671629373083,"pid":3908,"hostname":"DESKTOP-G2R0246","url":"/messages","msg":"Ruta inexistente"}
{"level":40,"time":1671629373523,"pid":3908,"hostname":"DESKTOP-G2R0246","url":"/favicon.ico","msg":"Ruta inexistente"}
{"level":40,"time":1671631088110,"pid":19636,"hostname":"DESKTOP-G2R0246","url":"/favicon.ico","msg":"Ruta inexistente"}
{"level":40,"time":1671631154728,"pid":12396,"hostname":"DESKTOP-G2R0246","url":"/ruta%20de%20foto","msg":"Ruta inexistente"}
{"level":40,"time":1671631154972,"pid":12464,"hostname":"DESKTOP-G2R0246","url":"/favicon.ico","msg":"Ruta inexistente"}
{"level":40,"time":1671631164944,"pid":12396,"hostname":"DESKTOP-G2R0246","url":"/favicon.ico","msg":"Ruta inexistente"}
{"level":40,"time":1671631180949,"pid":12396,"hostname":"DESKTOP-G2R0246","url":"/ruta%20de%20foto","msg":"Ruta inexistente"}
{"level":40,"time":1671631181153,"pid":12464,"hostname":"DESKTOP-G2R0246","url":"/favicon.ico","msg":"Ruta inexistente"}
{"level":40,"time":1671631231021,"pid":12464,"hostname":"DESKTOP-G2R0246","url":"/favicon.ico","msg":"Ruta inexistente"}
{"level":40,"time":1671631233896,"pid":19636,"hostname":"DESKTOP-G2R0246","url":"/ruta%20de%20foto","msg":"Ruta inexistente"}
{"level":40,"time":1671631234530,"pid":19636,"hostname":"DESKTOP-G2R0246","url":"/favicon.ico","msg":"Ruta inexistente"}
{"level":40,"time":1671631271477,"pid":12464,"hostname":"DESKTOP-G2R0246","url":"/undefined","msg":"Ruta inexistente"}
{"level":40,"time":1671631271490,"pid":19636,"hostname":"DESKTOP-G2R0246","url":"/products/ruta%20de%20foto","msg":"Ruta inexistente"}
{"level":40,"time":1671631271669,"pid":19636,"hostname":"DESKTOP-G2R0246","url":"/favicon.ico","msg":"Ruta inexistente"}
{"level":40,"time":1671631280706,"pid":12464,"hostname":"DESKTOP-G2R0246","url":"/car/1/ruta%20de%20foto","msg":"Ruta inexistente"}
{"level":40,"time":1671631280876,"pid":12464,"hostname":"DESKTOP-G2R0246","url":"/favicon.ico","msg":"Ruta inexistente"}
{"level":40,"time":1671631349256,"pid":12464,"hostname":"DESKTOP-G2R0246","url":"/favicon.ico","msg":"Ruta inexistente"}
{"level":40,"time":1671631350756,"pid":12464,"hostname":"DESKTOP-G2R0246","url":"/ruta%20de%20foto","msg":"Ruta inexistente"}
{"level":40,"time":1671631350954,"pid":19636,"hostname":"DESKTOP-G2R0246","url":"/favicon.ico","msg":"Ruta inexistente"}
{"level":40,"time":1671631353811,"pid":19636,"hostname":"DESKTOP-G2R0246","url":"/undefined","msg":"Ruta inexistente"}
{"level":40,"time":1671631354283,"pid":19636,"hostname":"DESKTOP-G2R0246","url":"/products/ruta%20de%20foto","msg":"Ruta inexistente"}
{"level":40,"time":1671631354455,"pid":19636,"hostname":"DESKTOP-G2R0246","url":"/favicon.ico","msg":"Ruta inexistente"}
{"level":40,"time":1671631358694,"pid":19636,"hostname":"DESKTOP-G2R0246","url":"/products/639a41614e84422f884ea0f4","msg":"Ruta inexistente"}
{"level":40,"time":1671631359012,"pid":19636,"hostname":"DESKTOP-G2R0246","url":"/favicon.ico","msg":"Ruta inexistente"}
{"level":40,"time":1671631445604,"pid":19636,"hostname":"DESKTOP-G2R0246","url":"/products/undefined","msg":"Ruta inexistente"}
{"level":40,"time":1671631445608,"pid":19636,"hostname":"DESKTOP-G2R0246","url":"/products/img/carrito.png","msg":"Ruta inexistente"}
{"level":40,"time":1671631446090,"pid":19636,"hostname":"DESKTOP-G2R0246","url":"/products/ruta%20de%20foto","msg":"Ruta inexistente"}
{"level":40,"time":1671631446271,"pid":19636,"hostname":"DESKTOP-G2R0246","url":"/favicon.ico","msg":"Ruta inexistente"}
{"level":40,"time":1671631456856,"pid":19636,"hostname":"DESKTOP-G2R0246","url":"/products/logout?","msg":"Ruta inexistente"}
{"level":40,"time":1671631457189,"pid":19636,"hostname":"DESKTOP-G2R0246","url":"/favicon.ico","msg":"Ruta inexistente"}
{"level":40,"time":1671631459920,"pid":19636,"hostname":"DESKTOP-G2R0246","url":"/products/undefined","msg":"Ruta inexistente"}
{"level":40,"time":1671631459920,"pid":12464,"hostname":"DESKTOP-G2R0246","url":"/products/img/carrito.png","msg":"Ruta inexistente"}
{"level":40,"time":1671631459926,"pid":12464,"hostname":"DESKTOP-G2R0246","url":"/products/ruta%20de%20foto","msg":"Ruta inexistente"}
{"level":40,"time":1671631460505,"pid":12464,"hostname":"DESKTOP-G2R0246","url":"/favicon.ico","msg":"Ruta inexistente"}
{"level":40,"time":1671631464692,"pid":12464,"hostname":"DESKTOP-G2R0246","url":"/favicon.ico","msg":"Ruta inexistente"}
{"level":40,"time":1671631472538,"pid":12464,"hostname":"DESKTOP-G2R0246","url":"/ruta%20de%20foto","msg":"Ruta inexistente"}
{"level":40,"time":1671631472749,"pid":19636,"hostname":"DESKTOP-G2R0246","url":"/favicon.ico","msg":"Ruta inexistente"}
{"level":40,"time":1671631495167,"pid":12464,"hostname":"DESKTOP-G2R0246","url":"/favicon.ico","msg":"Ruta inexistente"}
{"level":40,"time":1671631616864,"pid":19636,"hostname":"DESKTOP-G2R0246","url":"/ruta%20de%20foto","msg":"Ruta inexistente"}
{"level":40,"time":1671631617038,"pid":12464,"hostname":"DESKTOP-G2R0246","url":"/favicon.ico","msg":"Ruta inexistente"}
{"level":40,"time":1671631758201,"pid":19636,"hostname":"DESKTOP-G2R0246","url":"/favicon.ico","msg":"Ruta inexistente"}
{"level":40,"time":1671631759936,"pid":12464,"hostname":"DESKTOP-G2R0246","url":"/apis/formatPhone.js","msg":"Ruta inexistente"}
{"level":40,"time":1671631760259,"pid":12464,"hostname":"DESKTOP-G2R0246","url":"/favicon.ico","msg":"Ruta inexistente"}
{"level":40,"time":1671632072427,"pid":18560,"hostname":"DESKTOP-G2R0246","url":"/apis/formatPhone.js","msg":"Ruta inexistente"}
{"level":40,"time":1671632072768,"pid":18560,"hostname":"DESKTOP-G2R0246","url":"/favicon.ico","msg":"Ruta inexistente"}
