{"level":40,"time":1671731103015,"pid":5920,"hostname":"DESKTOP-G2R0246","url":"/style.css","msg":"Ruta inexistente"}
{"level":40,"time":1671731103050,"pid":5920,"hostname":"DESKTOP-G2R0246","url":"/socket.io/socket.io.js","msg":"Ruta inexistente"}
{"level":40,"time":1671731103344,"pid":5920,"hostname":"DESKTOP-G2R0246","url":"/favicon.ico","msg":"Ruta inexistente"}
{"level":40,"time":1671731105040,"pid":5920,"hostname":"DESKTOP-G2R0246","url":"/style.css","msg":"Ruta inexistente"}
{"level":40,"time":1671731105042,"pid":5920,"hostname":"DESKTOP-G2R0246","url":"/socket.io/socket.io.js","msg":"Ruta inexistente"}
{"level":40,"time":1671731105115,"pid":5920,"hostname":"DESKTOP-G2R0246","url":"/favicon.ico","msg":"Ruta inexistente"}
{"level":40,"time":1671731119853,"pid":5920,"hostname":"DESKTOP-G2R0246","url":"/style.css","msg":"Ruta inexistente"}
{"level":40,"time":1671731119857,"pid":5920,"hostname":"DESKTOP-G2R0246","url":"/socket.io/socket.io.js","msg":"Ruta inexistente"}
{"level":40,"time":1671731119930,"pid":5920,"hostname":"DESKTOP-G2R0246","url":"/favicon.ico","msg":"Ruta inexistente"}
{"level":40,"time":1671731317437,"pid":28080,"hostname":"DESKTOP-G2R0246","url":"/style.css","msg":"Ruta inexistente"}
{"level":40,"time":1671731317441,"pid":28080,"hostname":"DESKTOP-G2R0246","url":"/socket.io/socket.io.js","msg":"Ruta inexistente"}
{"level":40,"time":1671731317536,"pid":28080,"hostname":"DESKTOP-G2R0246","url":"/favicon.ico","msg":"Ruta inexistente"}
{"level":40,"time":1671731320139,"pid":28080,"hostname":"DESKTOP-G2R0246","url":"/style.css","msg":"Ruta inexistente"}
{"level":40,"time":1671731320143,"pid":28080,"hostname":"DESKTOP-G2R0246","url":"/socket.io/socket.io.js","msg":"Ruta inexistente"}
{"level":40,"time":1671731320220,"pid":28080,"hostname":"DESKTOP-G2R0246","url":"/favicon.ico","msg":"Ruta inexistente"}
{"level":40,"time":1671731324637,"pid":28080,"hostname":"DESKTOP-G2R0246","url":"/style.css","msg":"Ruta inexistente"}
{"level":40,"time":1671731324638,"pid":28080,"hostname":"DESKTOP-G2R0246","url":"/socket.io/socket.io.js","msg":"Ruta inexistente"}
{"level":40,"time":1671731324714,"pid":28080,"hostname":"DESKTOP-G2R0246","url":"/favicon.ico","msg":"Ruta inexistente"}
{"level":40,"time":1671731562202,"pid":24528,"hostname":"DESKTOP-G2R0246","url":"/style.css","msg":"Ruta inexistente"}
{"level":40,"time":1671731562208,"pid":24528,"hostname":"DESKTOP-G2R0246","url":"/socket.io/socket.io.js","msg":"Ruta inexistente"}
{"level":40,"time":1671731562290,"pid":24528,"hostname":"DESKTOP-G2R0246","url":"/favicon.ico","msg":"Ruta inexistente"}
{"level":40,"time":1671731700475,"pid":18280,"hostname":"DESKTOP-G2R0246","url":"/style.css","msg":"Ruta inexistente"}
{"level":40,"time":1671731700476,"pid":18280,"hostname":"DESKTOP-G2R0246","url":"/socket.io/socket.io.js","msg":"Ruta inexistente"}
{"level":40,"time":1671731700567,"pid":18280,"hostname":"DESKTOP-G2R0246","url":"/favicon.ico","msg":"Ruta inexistente"}
{"level":40,"time":1671732244760,"pid":25536,"hostname":"DESKTOP-G2R0246","url":"/style.css","msg":"Ruta inexistente"}
{"level":40,"time":1671732244768,"pid":25536,"hostname":"DESKTOP-G2R0246","url":"/socket.io/socket.io.js","msg":"Ruta inexistente"}
{"level":40,"time":1671732244877,"pid":25536,"hostname":"DESKTOP-G2R0246","url":"/favicon.ico","msg":"Ruta inexistente"}
{"level":40,"time":1671732247355,"pid":25536,"hostname":"DESKTOP-G2R0246","url":"/style.css","msg":"Ruta inexistente"}
{"level":40,"time":1671732247358,"pid":25536,"hostname":"DESKTOP-G2R0246","url":"/socket.io/socket.io.js","msg":"Ruta inexistente"}
{"level":40,"time":1671732247444,"pid":25536,"hostname":"DESKTOP-G2R0246","url":"/favicon.ico","msg":"Ruta inexistente"}
{"level":40,"time":1671732252410,"pid":25536,"hostname":"DESKTOP-G2R0246","url":"/favicon.ico","msg":"Ruta inexistente"}
{"level":40,"time":1671733097738,"pid":4160,"hostname":"DESKTOP-G2R0246","url":"/socket.io/?EIO=4&transport=polling&t=OKx3gxy","msg":"Ruta inexistente"}
{"level":40,"time":1671733102761,"pid":4160,"hostname":"DESKTOP-G2R0246","url":"/socket.io/?EIO=4&transport=polling&t=OKx3iYY","msg":"Ruta inexistente"}
{"level":40,"time":1671733107194,"pid":4160,"hostname":"DESKTOP-G2R0246","url":"/style.css","msg":"Ruta inexistente"}
{"level":40,"time":1671733107204,"pid":4160,"hostname":"DESKTOP-G2R0246","url":"/socket.io/socket.io.js","msg":"Ruta inexistente"}
{"level":40,"time":1671733107306,"pid":4160,"hostname":"DESKTOP-G2R0246","url":"/favicon.ico","msg":"Ruta inexistente"}
{"level":40,"time":1671737275151,"pid":12824,"hostname":"DESKTOP-G2R0246","url":"/style.css","msg":"Ruta inexistente"}
{"level":40,"time":1671737275156,"pid":12824,"hostname":"DESKTOP-G2R0246","url":"/socket.io/socket.io.js","msg":"Ruta inexistente"}
{"level":40,"time":1671737275335,"pid":12824,"hostname":"DESKTOP-G2R0246","url":"/favicon.ico","msg":"Ruta inexistente"}
{"level":40,"time":1671737278060,"pid":12824,"hostname":"DESKTOP-G2R0246","url":"/style.css","msg":"Ruta inexistente"}
{"level":40,"time":1671737278073,"pid":12824,"hostname":"DESKTOP-G2R0246","url":"/socket.io/socket.io.js","msg":"Ruta inexistente"}
{"level":40,"time":1671737278152,"pid":12824,"hostname":"DESKTOP-G2R0246","url":"/favicon.ico","msg":"Ruta inexistente"}
{"level":40,"time":1671737400878,"pid":17876,"hostname":"DESKTOP-G2R0246","url":"/style.css","msg":"Ruta inexistente"}
{"level":40,"time":1671737400882,"pid":17876,"hostname":"DESKTOP-G2R0246","url":"/socket.io/socket.io.js","msg":"Ruta inexistente"}
{"level":40,"time":1671737400978,"pid":17876,"hostname":"DESKTOP-G2R0246","url":"/favicon.ico","msg":"Ruta inexistente"}
{"level":40,"time":1671737402004,"pid":17876,"hostname":"DESKTOP-G2R0246","url":"/style.css","msg":"Ruta inexistente"}
{"level":40,"time":1671737402006,"pid":17876,"hostname":"DESKTOP-G2R0246","url":"/socket.io/socket.io.js","msg":"Ruta inexistente"}
{"level":40,"time":1671737402087,"pid":17876,"hostname":"DESKTOP-G2R0246","url":"/favicon.ico","msg":"Ruta inexistente"}
{"level":40,"time":1671737405823,"pid":17876,"hostname":"DESKTOP-G2R0246","url":"/favicon.ico","msg":"Ruta inexistente"}
{"level":40,"time":1671738052862,"pid":20584,"hostname":"DESKTOP-G2R0246","url":"/style.css","msg":"Ruta inexistente"}
{"level":40,"time":1671738052866,"pid":20584,"hostname":"DESKTOP-G2R0246","url":"/socket.io/socket.io.js","msg":"Ruta inexistente"}
{"level":40,"time":1671738053073,"pid":20584,"hostname":"DESKTOP-G2R0246","url":"/favicon.ico","msg":"Ruta inexistente"}
{"level":40,"time":1671738056336,"pid":20584,"hostname":"DESKTOP-G2R0246","url":"/style.css","msg":"Ruta inexistente"}
{"level":40,"time":1671738122509,"pid":20584,"hostname":"DESKTOP-G2R0246","url":"/style.css","msg":"Ruta inexistente"}
{"level":40,"time":1671738122775,"pid":20584,"hostname":"DESKTOP-G2R0246","url":"/socket.io/?EIO=4&transport=polling&t=OKxMs8E","msg":"Ruta inexistente"}
{"level":40,"time":1671738122982,"pid":20584,"hostname":"DESKTOP-G2R0246","url":"/favicon.ico","msg":"Ruta inexistente"}
{"level":40,"time":1671738124193,"pid":20584,"hostname":"DESKTOP-G2R0246","url":"/socket.io/?EIO=4&transport=polling&t=OKxMsUT","msg":"Ruta inexistente"}
{"level":40,"time":1671738126769,"pid":20584,"hostname":"DESKTOP-G2R0246","url":"/socket.io/?EIO=4&transport=polling&t=OKxMt6f","msg":"Ruta inexistente"}
{"level":40,"time":1671738132624,"pid":20584,"hostname":"DESKTOP-G2R0246","url":"/socket.io/?EIO=4&transport=polling&t=OKxMuY6","msg":"Ruta inexistente"}
{"level":40,"time":1671738138628,"pid":20584,"hostname":"DESKTOP-G2R0246","url":"/socket.io/?EIO=4&transport=polling&t=OKxMv_t","msg":"Ruta inexistente"}
{"level":40,"time":1671738144618,"pid":20584,"hostname":"DESKTOP-G2R0246","url":"/socket.io/?EIO=4&transport=polling&t=OKxMxTR","msg":"Ruta inexistente"}
{"level":40,"time":1671738150608,"pid":20584,"hostname":"DESKTOP-G2R0246","url":"/socket.io/?EIO=4&transport=polling&t=OKxMyxA","msg":"Ruta inexistente"}
{"level":40,"time":1671738156614,"pid":20584,"hostname":"DESKTOP-G2R0246","url":"/socket.io/?EIO=4&transport=polling&t=OKxM-O_","msg":"Ruta inexistente"}
{"level":40,"time":1671738162615,"pid":20584,"hostname":"DESKTOP-G2R0246","url":"/socket.io/?EIO=4&transport=polling&t=OKxM_sh","msg":"Ruta inexistente"}
{"level":40,"time":1671738168635,"pid":20584,"hostname":"DESKTOP-G2R0246","url":"/socket.io/?EIO=4&transport=polling&t=OKxN1Kd","msg":"Ruta inexistente"}
{"level":40,"time":1671738172331,"pid":20584,"hostname":"DESKTOP-G2R0246","url":"/style.css","msg":"Ruta inexistente"}
{"level":40,"time":1671738172333,"pid":20584,"hostname":"DESKTOP-G2R0246","url":"/socket.io/socket.io.js","msg":"Ruta inexistente"}
{"level":40,"time":1671738172673,"pid":20584,"hostname":"DESKTOP-G2R0246","url":"/favicon.ico","msg":"Ruta inexistente"}
{"level":40,"time":1671738204742,"pid":20584,"hostname":"DESKTOP-G2R0246","url":"/socket.io/socket.io.js","msg":"Ruta inexistente"}
{"level":40,"time":1671738205099,"pid":20584,"hostname":"DESKTOP-G2R0246","url":"/favicon.ico","msg":"Ruta inexistente"}
{"level":40,"time":1671738235697,"pid":20584,"hostname":"DESKTOP-G2R0246","url":"/style.css","msg":"Ruta inexistente"}
{"level":40,"time":1671738235699,"pid":20584,"hostname":"DESKTOP-G2R0246","url":"/socket.io/socket.io.js","msg":"Ruta inexistente"}
{"level":40,"time":1671738236022,"pid":20584,"hostname":"DESKTOP-G2R0246","url":"/favicon.ico","msg":"Ruta inexistente"}
{"level":40,"time":1671738240881,"pid":20584,"hostname":"DESKTOP-G2R0246","url":"/favicon.ico","msg":"Ruta inexistente"}
{"level":40,"time":1671738263271,"pid":20584,"hostname":"DESKTOP-G2R0246","url":"/favicon.ico","msg":"Ruta inexistente"}
{"level":40,"time":1671738264935,"pid":20584,"hostname":"DESKTOP-G2R0246","url":"/style.css","msg":"Ruta inexistente"}
{"level":40,"time":1671738264937,"pid":20584,"hostname":"DESKTOP-G2R0246","url":"/socket.io/socket.io.js","msg":"Ruta inexistente"}
{"level":40,"time":1671738265185,"pid":20584,"hostname":"DESKTOP-G2R0246","url":"/favicon.ico","msg":"Ruta inexistente"}
{"level":40,"time":1671738312650,"pid":27816,"hostname":"DESKTOP-G2R0246","url":"/style.css","msg":"Ruta inexistente"}
{"level":40,"time":1671738312654,"pid":27816,"hostname":"DESKTOP-G2R0246","url":"/socket.io/socket.io.js","msg":"Ruta inexistente"}
{"level":40,"time":1671738314670,"pid":27816,"hostname":"DESKTOP-G2R0246","url":"/favicon.ico","msg":"Ruta inexistente"}
{"level":40,"time":1671738690260,"pid":6780,"hostname":"DESKTOP-G2R0246","url":"/style.css","msg":"Ruta inexistente"}
{"level":40,"time":1671738690266,"pid":6780,"hostname":"DESKTOP-G2R0246","url":"/socket.io/socket.io.js","msg":"Ruta inexistente"}
{"level":40,"time":1671738690579,"pid":6780,"hostname":"DESKTOP-G2R0246","url":"/favicon.ico","msg":"Ruta inexistente"}
{"level":40,"time":1671738715811,"pid":6780,"hostname":"DESKTOP-G2R0246","url":"/style.css","msg":"Ruta inexistente"}
{"level":40,"time":1671738715815,"pid":6780,"hostname":"DESKTOP-G2R0246","url":"/socket.io/socket.io.js","msg":"Ruta inexistente"}
{"level":40,"time":1671738716076,"pid":6780,"hostname":"DESKTOP-G2R0246","url":"/favicon.ico","msg":"Ruta inexistente"}
{"level":40,"time":1671738716608,"pid":6780,"hostname":"DESKTOP-G2R0246","url":"/style.css","msg":"Ruta inexistente"}
{"level":40,"time":1671738716611,"pid":6780,"hostname":"DESKTOP-G2R0246","url":"/socket.io/socket.io.js","msg":"Ruta inexistente"}
{"level":40,"time":1671738716921,"pid":6780,"hostname":"DESKTOP-G2R0246","url":"/favicon.ico","msg":"Ruta inexistente"}
{"level":40,"time":1671738724506,"pid":6780,"hostname":"DESKTOP-G2R0246","url":"/socket.io/socket.io.js","msg":"Ruta inexistente"}
{"level":40,"time":1671738724826,"pid":6780,"hostname":"DESKTOP-G2R0246","url":"/favicon.ico","msg":"Ruta inexistente"}
{"level":40,"time":1671738938894,"pid":30492,"hostname":"DESKTOP-G2R0246","url":"/socket.io/?EIO=4&transport=polling&t=OKxPyqT","msg":"Ruta inexistente"}
{"level":40,"time":1671738943922,"pid":30492,"hostname":"DESKTOP-G2R0246","url":"/socket.io/?EIO=4&transport=polling&t=OKxP-cd","msg":"Ruta inexistente"}
{"level":40,"time":1671738948974,"pid":30492,"hostname":"DESKTOP-G2R0246","url":"/style.css","msg":"Ruta inexistente"}
{"level":40,"time":1671738948982,"pid":30492,"hostname":"DESKTOP-G2R0246","url":"/socket.io/socket.io.js","msg":"Ruta inexistente"}
{"level":40,"time":1671738949288,"pid":30492,"hostname":"DESKTOP-G2R0246","url":"/favicon.ico","msg":"Ruta inexistente"}
{"level":40,"time":1671738958073,"pid":30492,"hostname":"DESKTOP-G2R0246","url":"/socket.io/socket.io.js","msg":"Ruta inexistente"}
{"level":40,"time":1671738958453,"pid":30492,"hostname":"DESKTOP-G2R0246","url":"/favicon.ico","msg":"Ruta inexistente"}
{"level":40,"time":1671738999469,"pid":30492,"hostname":"DESKTOP-G2R0246","url":"/style.css","msg":"Ruta inexistente"}
{"level":40,"time":1671738999545,"pid":30492,"hostname":"DESKTOP-G2R0246","url":"/socket.io/?EIO=4&transport=polling&t=OKxQCBo","msg":"Ruta inexistente"}
{"level":40,"time":1671738999730,"pid":30492,"hostname":"DESKTOP-G2R0246","url":"/favicon.ico","msg":"Ruta inexistente"}
{"level":40,"time":1671739000640,"pid":30492,"hostname":"DESKTOP-G2R0246","url":"/socket.io/?EIO=4&transport=polling&t=OKxQCSv","msg":"Ruta inexistente"}
{"level":40,"time":1671739003372,"pid":30492,"hostname":"DESKTOP-G2R0246","url":"/socket.io/?EIO=4&transport=polling&t=OKxQD7X","msg":"Ruta inexistente"}
{"level":40,"time":1671739008634,"pid":30492,"hostname":"DESKTOP-G2R0246","url":"/socket.io/?EIO=4&transport=polling&t=OKxQEPS","msg":"Ruta inexistente"}
{"level":40,"time":1671739011690,"pid":30492,"hostname":"DESKTOP-G2R0246","url":"/style.css","msg":"Ruta inexistente"}
{"level":40,"time":1671739011755,"pid":30492,"hostname":"DESKTOP-G2R0246","url":"/socket.io/?EIO=4&transport=polling&t=OKxQFAc","msg":"Ruta inexistente"}
{"level":40,"time":1671739011959,"pid":30492,"hostname":"DESKTOP-G2R0246","url":"/favicon.ico","msg":"Ruta inexistente"}
{"level":40,"time":1671739012485,"pid":30492,"hostname":"DESKTOP-G2R0246","url":"/socket.io/?EIO=4&transport=polling&t=OKxQFM0","msg":"Ruta inexistente"}
{"level":40,"time":1671739013902,"pid":30492,"hostname":"DESKTOP-G2R0246","url":"/style.css","msg":"Ruta inexistente"}
{"level":40,"time":1671739013978,"pid":30492,"hostname":"DESKTOP-G2R0246","url":"/socket.io/?EIO=4&transport=polling&t=OKxQFjK","msg":"Ruta inexistente"}
{"level":40,"time":1671739014164,"pid":30492,"hostname":"DESKTOP-G2R0246","url":"/favicon.ico","msg":"Ruta inexistente"}
{"level":40,"time":1671739014792,"pid":30492,"hostname":"DESKTOP-G2R0246","url":"/style.css","msg":"Ruta inexistente"}
{"level":40,"time":1671739014886,"pid":30492,"hostname":"DESKTOP-G2R0246","url":"/socket.io/?EIO=4&transport=polling&t=OKxQFxW","msg":"Ruta inexistente"}
{"level":40,"time":1671739015073,"pid":30492,"hostname":"DESKTOP-G2R0246","url":"/favicon.ico","msg":"Ruta inexistente"}
{"level":40,"time":1671739015694,"pid":30492,"hostname":"DESKTOP-G2R0246","url":"/style.css","msg":"Ruta inexistente"}
{"level":40,"time":1671739015757,"pid":30492,"hostname":"DESKTOP-G2R0246","url":"/socket.io/?EIO=4&transport=polling&t=OKxQG97","msg":"Ruta inexistente"}
{"level":40,"time":1671739015969,"pid":30492,"hostname":"DESKTOP-G2R0246","url":"/favicon.ico","msg":"Ruta inexistente"}
{"level":40,"time":1671739016427,"pid":30492,"hostname":"DESKTOP-G2R0246","url":"/style.css","msg":"Ruta inexistente"}
{"level":40,"time":1671739016503,"pid":30492,"hostname":"DESKTOP-G2R0246","url":"/socket.io/?EIO=4&transport=polling&t=OKxQGKk","msg":"Ruta inexistente"}
{"level":40,"time":1671739016693,"pid":30492,"hostname":"DESKTOP-G2R0246","url":"/favicon.ico","msg":"Ruta inexistente"}
{"level":40,"time":1671739017147,"pid":30492,"hostname":"DESKTOP-G2R0246","url":"/style.css","msg":"Ruta inexistente"}
{"level":40,"time":1671739017227,"pid":30492,"hostname":"DESKTOP-G2R0246","url":"/socket.io/?EIO=4&transport=polling&t=OKxQGW5","msg":"Ruta inexistente"}
{"level":40,"time":1671739017432,"pid":30492,"hostname":"DESKTOP-G2R0246","url":"/favicon.ico","msg":"Ruta inexistente"}
{"level":40,"time":1671739017809,"pid":30492,"hostname":"DESKTOP-G2R0246","url":"/style.css","msg":"Ruta inexistente"}
{"level":40,"time":1671739017901,"pid":30492,"hostname":"DESKTOP-G2R0246","url":"/socket.io/?EIO=4&transport=polling&t=OKxQGgc","msg":"Ruta inexistente"}
{"level":40,"time":1671739018094,"pid":30492,"hostname":"DESKTOP-G2R0246","url":"/favicon.ico","msg":"Ruta inexistente"}
{"level":40,"time":1671739019578,"pid":30492,"hostname":"DESKTOP-G2R0246","url":"/socket.io/?EIO=4&transport=polling&t=OKxQH4n","msg":"Ruta inexistente"}
{"level":40,"time":1671739022390,"pid":30492,"hostname":"DESKTOP-G2R0246","url":"/socket.io/?EIO=4&transport=polling&t=OKxQHme","msg":"Ruta inexistente"}
{"level":40,"time":1671739027612,"pid":30492,"hostname":"DESKTOP-G2R0246","url":"/socket.io/?EIO=4&transport=polling&t=OKxQJ2G","msg":"Ruta inexistente"}
{"level":40,"time":1671739033608,"pid":30492,"hostname":"DESKTOP-G2R0246","url":"/socket.io/?EIO=4&transport=polling&t=OKxQKW0","msg":"Ruta inexistente"}
{"level":40,"time":1671739038634,"pid":30492,"hostname":"DESKTOP-G2R0246","url":"/socket.io/?EIO=4&transport=polling&t=OKxQLkU","msg":"Ruta inexistente"}
{"level":40,"time":1671739044614,"pid":30492,"hostname":"DESKTOP-G2R0246","url":"/socket.io/?EIO=4&transport=polling&t=OKxQNB-","msg":"Ruta inexistente"}
{"level":40,"time":1671739046372,"pid":30492,"hostname":"DESKTOP-G2R0246","url":"/favicon.ico","msg":"Ruta inexistente"}
{"level":40,"time":1671739050615,"pid":30492,"hostname":"DESKTOP-G2R0246","url":"/socket.io/?EIO=4&transport=polling&t=OKxQOfm","msg":"Ruta inexistente"}
{"level":40,"time":1671739056611,"pid":30492,"hostname":"DESKTOP-G2R0246","url":"/socket.io/?EIO=4&transport=polling&t=OKxQQ7R","msg":"Ruta inexistente"}
{"level":40,"time":1671739061646,"pid":30492,"hostname":"DESKTOP-G2R0246","url":"/socket.io/?EIO=4&transport=polling&t=OKxQRM4","msg":"Ruta inexistente"}
{"level":40,"time":1671739067623,"pid":30492,"hostname":"DESKTOP-G2R0246","url":"/socket.io/?EIO=4&transport=polling&t=OKxQSpS","msg":"Ruta inexistente"}
{"level":40,"time":1671739073616,"pid":30492,"hostname":"DESKTOP-G2R0246","url":"/socket.io/?EIO=4&transport=polling&t=OKxQUH6","msg":"Ruta inexistente"}
{"level":40,"time":1671739079614,"pid":30492,"hostname":"DESKTOP-G2R0246","url":"/socket.io/?EIO=4&transport=polling&t=OKxQVkt","msg":"Ruta inexistente"}
{"level":40,"time":1671739085622,"pid":30492,"hostname":"DESKTOP-G2R0246","url":"/socket.io/?EIO=4&transport=polling&t=OKxQXCh","msg":"Ruta inexistente"}
{"level":40,"time":1671739091626,"pid":30492,"hostname":"DESKTOP-G2R0246","url":"/socket.io/?EIO=4&transport=polling&t=OKxQYgW","msg":"Ruta inexistente"}
{"level":40,"time":1671739097619,"pid":30492,"hostname":"DESKTOP-G2R0246","url":"/socket.io/?EIO=4&transport=polling&t=OKxQa89","msg":"Ruta inexistente"}
{"level":40,"time":1671739103614,"pid":30492,"hostname":"DESKTOP-G2R0246","url":"/socket.io/?EIO=4&transport=polling&t=OKxQbbp","msg":"Ruta inexistente"}
{"level":40,"time":1671739109620,"pid":30492,"hostname":"DESKTOP-G2R0246","url":"/socket.io/?EIO=4&transport=polling&t=OKxQd3i","msg":"Ruta inexistente"}
{"level":40,"time":1671739115613,"pid":30492,"hostname":"DESKTOP-G2R0246","url":"/socket.io/?EIO=4&transport=polling&t=OKxQeXJ","msg":"Ruta inexistente"}
{"level":40,"time":1671739121615,"pid":30492,"hostname":"DESKTOP-G2R0246","url":"/socket.io/?EIO=4&transport=polling&t=OKxQf_1","msg":"Ruta inexistente"}
{"level":40,"time":1671739127632,"pid":30492,"hostname":"DESKTOP-G2R0246","url":"/socket.io/?EIO=4&transport=polling&t=OKxQhS_","msg":"Ruta inexistente"}
{"level":40,"time":1671739133624,"pid":30492,"hostname":"DESKTOP-G2R0246","url":"/socket.io/?EIO=4&transport=polling&t=OKxQiwl","msg":"Ruta inexistente"}
{"level":40,"time":1671739138118,"pid":30492,"hostname":"DESKTOP-G2R0246","url":"/socket.io/?EIO=4&transport=polling&t=OKxQiwl","msg":"Ruta inexistente"}
{"level":40,"time":1671739138438,"pid":30492,"hostname":"DESKTOP-G2R0246","url":"/favicon.ico","msg":"Ruta inexistente"}
{"level":40,"time":1671739139616,"pid":30492,"hostname":"DESKTOP-G2R0246","url":"/socket.io/?EIO=4&transport=polling&t=OKxQkOO","msg":"Ruta inexistente"}
{"level":40,"time":1671739144640,"pid":30492,"hostname":"DESKTOP-G2R0246","url":"/socket.io/?EIO=4&transport=polling&t=OKxQlct","msg":"Ruta inexistente"}
{"level":40,"time":1671739150626,"pid":30492,"hostname":"DESKTOP-G2R0246","url":"/socket.io/?EIO=4&transport=polling&t=OKxQn4N","msg":"Ruta inexistente"}
{"level":40,"time":1671739155688,"pid":30492,"hostname":"DESKTOP-G2R0246","url":"/socket.io/?EIO=4&transport=polling&t=OKxQoJ1","msg":"Ruta inexistente"}
{"level":40,"time":1671739161628,"pid":30492,"hostname":"DESKTOP-G2R0246","url":"/socket.io/?EIO=4&transport=polling&t=OKxQpm8","msg":"Ruta inexistente"}
{"level":40,"time":1671739167616,"pid":30492,"hostname":"DESKTOP-G2R0246","url":"/socket.io/?EIO=4&transport=polling&t=OKxQrDp","msg":"Ruta inexistente"}
{"level":40,"time":1671739173619,"pid":30492,"hostname":"DESKTOP-G2R0246","url":"/socket.io/?EIO=4&transport=polling&t=OKxQshe","msg":"Ruta inexistente"}
{"level":40,"time":1671739179626,"pid":30492,"hostname":"DESKTOP-G2R0246","url":"/socket.io/?EIO=4&transport=polling&t=OKxQu9N","msg":"Ruta inexistente"}
{"level":40,"time":1671739185627,"pid":30492,"hostname":"DESKTOP-G2R0246","url":"/socket.io/?EIO=4&transport=polling&t=OKxQvdA","msg":"Ruta inexistente"}
{"level":40,"time":1671739191614,"pid":30492,"hostname":"DESKTOP-G2R0246","url":"/socket.io/?EIO=4&transport=polling&t=OKxQx4q","msg":"Ruta inexistente"}
{"level":40,"time":1671739197623,"pid":30492,"hostname":"DESKTOP-G2R0246","url":"/socket.io/?EIO=4&transport=polling&t=OKxQyYj","msg":"Ruta inexistente"}
{"level":40,"time":1671739203626,"pid":30492,"hostname":"DESKTOP-G2R0246","url":"/socket.io/?EIO=4&transport=polling&t=OKxQ-0V","msg":"Ruta inexistente"}
{"level":40,"time":1671739209614,"pid":30492,"hostname":"DESKTOP-G2R0246","url":"/socket.io/?EIO=4&transport=polling&t=OKxQ_U4","msg":"Ruta inexistente"}
{"level":40,"time":1671739215627,"pid":30492,"hostname":"DESKTOP-G2R0246","url":"/socket.io/?EIO=4&transport=polling&t=OKxR0xz","msg":"Ruta inexistente"}
{"level":40,"time":1671739221622,"pid":30492,"hostname":"DESKTOP-G2R0246","url":"/socket.io/?EIO=4&transport=polling&t=OKxR2Ph","msg":"Ruta inexistente"}
{"level":40,"time":1671739227650,"pid":30492,"hostname":"DESKTOP-G2R0246","url":"/socket.io/?EIO=4&transport=polling&t=OKxR3tw","msg":"Ruta inexistente"}
{"level":40,"time":1671739233619,"pid":30492,"hostname":"DESKTOP-G2R0246","url":"/socket.io/?EIO=4&transport=polling&t=OKxR5L5","msg":"Ruta inexistente"}
{"level":40,"time":1671739239641,"pid":30492,"hostname":"DESKTOP-G2R0246","url":"/socket.io/?EIO=4&transport=polling&t=OKxR6oq","msg":"Ruta inexistente"}
{"level":40,"time":1671739245618,"pid":30492,"hostname":"DESKTOP-G2R0246","url":"/socket.io/?EIO=4&transport=polling&t=OKxR8Gd","msg":"Ruta inexistente"}
{"level":40,"time":1671739251616,"pid":30492,"hostname":"DESKTOP-G2R0246","url":"/socket.io/?EIO=4&transport=polling&t=OKxR9kO","msg":"Ruta inexistente"}
{"level":40,"time":1671739257613,"pid":30492,"hostname":"DESKTOP-G2R0246","url":"/socket.io/?EIO=4&transport=polling&t=OKxRBC2","msg":"Ruta inexistente"}
{"level":40,"time":1671739263616,"pid":30492,"hostname":"DESKTOP-G2R0246","url":"/socket.io/?EIO=4&transport=polling&t=OKxRCfs","msg":"Ruta inexistente"}
{"level":40,"time":1671739269622,"pid":30492,"hostname":"DESKTOP-G2R0246","url":"/socket.io/?EIO=4&transport=polling&t=OKxRE7h","msg":"Ruta inexistente"}
{"level":40,"time":1671739275637,"pid":30492,"hostname":"DESKTOP-G2R0246","url":"/socket.io/?EIO=4&transport=polling&t=OKxRFbV","msg":"Ruta inexistente"}
{"level":40,"time":1671739281616,"pid":30492,"hostname":"DESKTOP-G2R0246","url":"/socket.io/?EIO=4&transport=polling&t=OKxRH36","msg":"Ruta inexistente"}
{"level":40,"time":1671739287615,"pid":30492,"hostname":"DESKTOP-G2R0246","url":"/socket.io/?EIO=4&transport=polling&t=OKxRIWq","msg":"Ruta inexistente"}
{"level":40,"time":1671739293623,"pid":30492,"hostname":"DESKTOP-G2R0246","url":"/socket.io/?EIO=4&transport=polling&t=OKxRJ-k","msg":"Ruta inexistente"}
{"level":40,"time":1671739299614,"pid":30492,"hostname":"DESKTOP-G2R0246","url":"/socket.io/?EIO=4&transport=polling&t=OKxRLSK","msg":"Ruta inexistente"}
{"level":40,"time":1671739305612,"pid":30492,"hostname":"DESKTOP-G2R0246","url":"/socket.io/?EIO=4&transport=polling&t=OKxRMw3","msg":"Ruta inexistente"}
{"level":40,"time":1671739311622,"pid":30492,"hostname":"DESKTOP-G2R0246","url":"/socket.io/?EIO=4&transport=polling&t=OKxRONx","msg":"Ruta inexistente"}
{"level":40,"time":1671739317611,"pid":30492,"hostname":"DESKTOP-G2R0246","url":"/socket.io/?EIO=4&transport=polling&t=OKxRPrW","msg":"Ruta inexistente"}
{"level":40,"time":1671739323612,"pid":30492,"hostname":"DESKTOP-G2R0246","url":"/socket.io/?EIO=4&transport=polling&t=OKxRRJI","msg":"Ruta inexistente"}
{"level":40,"time":1671739329617,"pid":30492,"hostname":"DESKTOP-G2R0246","url":"/socket.io/?EIO=4&transport=polling&t=OKxRSn6","msg":"Ruta inexistente"}
{"level":40,"time":1671739335612,"pid":30492,"hostname":"DESKTOP-G2R0246","url":"/socket.io/?EIO=4&transport=polling&t=OKxRUEl","msg":"Ruta inexistente"}
{"level":40,"time":1671739341621,"pid":30492,"hostname":"DESKTOP-G2R0246","url":"/socket.io/?EIO=4&transport=polling&t=OKxRViZ","msg":"Ruta inexistente"}
{"level":40,"time":1671739347611,"pid":30492,"hostname":"DESKTOP-G2R0246","url":"/socket.io/?EIO=4&transport=polling&t=OKxRXAI","msg":"Ruta inexistente"}
{"level":40,"time":1671739353697,"pid":21008,"hostname":"DESKTOP-G2R0246","url":"/socket.io/?EIO=4&transport=polling&t=OKxRYeG","msg":"Ruta inexistente"}
{"level":40,"time":1671739359611,"pid":21008,"hostname":"DESKTOP-G2R0246","url":"/socket.io/?EIO=4&transport=polling&t=OKxRa5m","msg":"Ruta inexistente"}
{"level":40,"time":1671739362630,"pid":21008,"hostname":"DESKTOP-G2R0246","url":"/style.css","msg":"Ruta inexistente"}
{"level":40,"time":1671739362937,"pid":21008,"hostname":"DESKTOP-G2R0246","url":"/favicon.ico","msg":"Ruta inexistente"}
{"level":40,"time":1671739365236,"pid":21008,"hostname":"DESKTOP-G2R0246","url":"/style.css","msg":"Ruta inexistente"}
{"level":40,"time":1671739365517,"pid":21008,"hostname":"DESKTOP-G2R0246","url":"/favicon.ico","msg":"Ruta inexistente"}
{"level":40,"time":1671739366281,"pid":21008,"hostname":"DESKTOP-G2R0246","url":"/style.css","msg":"Ruta inexistente"}
{"level":40,"time":1671739366550,"pid":21008,"hostname":"DESKTOP-G2R0246","url":"/favicon.ico","msg":"Ruta inexistente"}
{"level":40,"time":1671739367328,"pid":21008,"hostname":"DESKTOP-G2R0246","url":"/style.css","msg":"Ruta inexistente"}
{"level":40,"time":1671739367593,"pid":21008,"hostname":"DESKTOP-G2R0246","url":"/favicon.ico","msg":"Ruta inexistente"}
{"level":40,"time":1671739368091,"pid":21008,"hostname":"DESKTOP-G2R0246","url":"/style.css","msg":"Ruta inexistente"}
{"level":40,"time":1671739368389,"pid":21008,"hostname":"DESKTOP-G2R0246","url":"/favicon.ico","msg":"Ruta inexistente"}
{"level":40,"time":1671739368659,"pid":21008,"hostname":"DESKTOP-G2R0246","url":"/style.css","msg":"Ruta inexistente"}
{"level":40,"time":1671739368948,"pid":21008,"hostname":"DESKTOP-G2R0246","url":"/favicon.ico","msg":"Ruta inexistente"}
{"level":40,"time":1671739369267,"pid":21008,"hostname":"DESKTOP-G2R0246","url":"/style.css","msg":"Ruta inexistente"}
{"level":40,"time":1671739369520,"pid":21008,"hostname":"DESKTOP-G2R0246","url":"/favicon.ico","msg":"Ruta inexistente"}
{"level":40,"time":1671739369859,"pid":21008,"hostname":"DESKTOP-G2R0246","url":"/style.css","msg":"Ruta inexistente"}
{"level":40,"time":1671739370148,"pid":21008,"hostname":"DESKTOP-G2R0246","url":"/favicon.ico","msg":"Ruta inexistente"}
{"level":40,"time":1671739370332,"pid":21008,"hostname":"DESKTOP-G2R0246","url":"/style.css","msg":"Ruta inexistente"}
{"level":40,"time":1671739370659,"pid":21008,"hostname":"DESKTOP-G2R0246","url":"/favicon.ico","msg":"Ruta inexistente"}
{"level":40,"time":1671739370809,"pid":21008,"hostname":"DESKTOP-G2R0246","url":"/style.css","msg":"Ruta inexistente"}
{"level":40,"time":1671739371118,"pid":21008,"hostname":"DESKTOP-G2R0246","url":"/favicon.ico","msg":"Ruta inexistente"}
{"level":40,"time":1671739399096,"pid":2540,"hostname":"DESKTOP-G2R0246","url":"/style.css","msg":"Ruta inexistente"}
{"level":40,"time":1671739399373,"pid":2540,"hostname":"DESKTOP-G2R0246","url":"/favicon.ico","msg":"Ruta inexistente"}
{"level":40,"time":1671739401636,"pid":2540,"hostname":"DESKTOP-G2R0246","url":"/style.css","msg":"Ruta inexistente"}
{"level":40,"time":1671739401894,"pid":2540,"hostname":"DESKTOP-G2R0246","url":"/favicon.ico","msg":"Ruta inexistente"}
{"level":40,"time":1671739403446,"pid":2540,"hostname":"DESKTOP-G2R0246","url":"/style.css","msg":"Ruta inexistente"}
{"level":40,"time":1671739403729,"pid":2540,"hostname":"DESKTOP-G2R0246","url":"/favicon.ico","msg":"Ruta inexistente"}
{"level":40,"time":1671739431921,"pid":30248,"hostname":"DESKTOP-G2R0246","url":"/style.css","msg":"Ruta inexistente"}
{"level":40,"time":1671739432215,"pid":30248,"hostname":"DESKTOP-G2R0246","url":"/favicon.ico","msg":"Ruta inexistente"}
{"level":40,"time":1671739434854,"pid":30248,"hostname":"DESKTOP-G2R0246","url":"/style.css","msg":"Ruta inexistente"}
{"level":40,"time":1671739435126,"pid":30248,"hostname":"DESKTOP-G2R0246","url":"/favicon.ico","msg":"Ruta inexistente"}
{"level":40,"time":1671739437033,"pid":30248,"hostname":"DESKTOP-G2R0246","url":"/style.css","msg":"Ruta inexistente"}
{"level":40,"time":1671739437354,"pid":30248,"hostname":"DESKTOP-G2R0246","url":"/favicon.ico","msg":"Ruta inexistente"}
{"level":40,"time":1671739437939,"pid":30248,"hostname":"DESKTOP-G2R0246","url":"/style.css","msg":"Ruta inexistente"}
{"level":40,"time":1671739438209,"pid":30248,"hostname":"DESKTOP-G2R0246","url":"/favicon.ico","msg":"Ruta inexistente"}
{"level":40,"time":1671739439032,"pid":30248,"hostname":"DESKTOP-G2R0246","url":"/style.css","msg":"Ruta inexistente"}
{"level":40,"time":1671739439339,"pid":30248,"hostname":"DESKTOP-G2R0246","url":"/favicon.ico","msg":"Ruta inexistente"}
{"level":40,"time":1671739441095,"pid":30248,"hostname":"DESKTOP-G2R0246","url":"/style.css","msg":"Ruta inexistente"}
{"level":40,"time":1671739441352,"pid":30248,"hostname":"DESKTOP-G2R0246","url":"/favicon.ico","msg":"Ruta inexistente"}
{"level":40,"time":1671739443777,"pid":30248,"hostname":"DESKTOP-G2R0246","url":"/style.css","msg":"Ruta inexistente"}
{"level":40,"time":1671739444043,"pid":30248,"hostname":"DESKTOP-G2R0246","url":"/favicon.ico","msg":"Ruta inexistente"}
{"level":40,"time":1671739444875,"pid":30248,"hostname":"DESKTOP-G2R0246","url":"/style.css","msg":"Ruta inexistente"}
{"level":40,"time":1671739445186,"pid":30248,"hostname":"DESKTOP-G2R0246","url":"/favicon.ico","msg":"Ruta inexistente"}
{"level":40,"time":1671739445670,"pid":30248,"hostname":"DESKTOP-G2R0246","url":"/style.css","msg":"Ruta inexistente"}
{"level":40,"time":1671739445969,"pid":30248,"hostname":"DESKTOP-G2R0246","url":"/favicon.ico","msg":"Ruta inexistente"}
{"level":40,"time":1671739446486,"pid":30248,"hostname":"DESKTOP-G2R0246","url":"/style.css","msg":"Ruta inexistente"}
{"level":40,"time":1671739446820,"pid":30248,"hostname":"DESKTOP-G2R0246","url":"/favicon.ico","msg":"Ruta inexistente"}
{"level":40,"time":1671739447189,"pid":30248,"hostname":"DESKTOP-G2R0246","url":"/style.css","msg":"Ruta inexistente"}
{"level":40,"time":1671739447512,"pid":30248,"hostname":"DESKTOP-G2R0246","url":"/favicon.ico","msg":"Ruta inexistente"}
{"level":40,"time":1671739447889,"pid":30248,"hostname":"DESKTOP-G2R0246","url":"/style.css","msg":"Ruta inexistente"}
{"level":40,"time":1671739448203,"pid":30248,"hostname":"DESKTOP-G2R0246","url":"/favicon.ico","msg":"Ruta inexistente"}
{"level":40,"time":1671739448609,"pid":30248,"hostname":"DESKTOP-G2R0246","url":"/style.css","msg":"Ruta inexistente"}
{"level":40,"time":1671739448916,"pid":30248,"hostname":"DESKTOP-G2R0246","url":"/favicon.ico","msg":"Ruta inexistente"}
{"level":40,"time":1671739449274,"pid":30248,"hostname":"DESKTOP-G2R0246","url":"/style.css","msg":"Ruta inexistente"}
{"level":40,"time":1671739449626,"pid":30248,"hostname":"DESKTOP-G2R0246","url":"/favicon.ico","msg":"Ruta inexistente"}
{"level":40,"time":1671739449951,"pid":30248,"hostname":"DESKTOP-G2R0246","url":"/style.css","msg":"Ruta inexistente"}
{"level":40,"time":1671739450223,"pid":30248,"hostname":"DESKTOP-G2R0246","url":"/favicon.ico","msg":"Ruta inexistente"}
{"level":40,"time":1671739450836,"pid":30248,"hostname":"DESKTOP-G2R0246","url":"/style.css","msg":"Ruta inexistente"}
{"level":40,"time":1671739451113,"pid":30248,"hostname":"DESKTOP-G2R0246","url":"/favicon.ico","msg":"Ruta inexistente"}
{"level":40,"time":1671739451570,"pid":30248,"hostname":"DESKTOP-G2R0246","url":"/style.css","msg":"Ruta inexistente"}
{"level":40,"time":1671739451842,"pid":30248,"hostname":"DESKTOP-G2R0246","url":"/favicon.ico","msg":"Ruta inexistente"}
{"level":40,"time":1671739452310,"pid":30248,"hostname":"DESKTOP-G2R0246","url":"/style.css","msg":"Ruta inexistente"}
{"level":40,"time":1671739452588,"pid":30248,"hostname":"DESKTOP-G2R0246","url":"/favicon.ico","msg":"Ruta inexistente"}
{"level":40,"time":1671739452912,"pid":30248,"hostname":"DESKTOP-G2R0246","url":"/style.css","msg":"Ruta inexistente"}
{"level":40,"time":1671739453192,"pid":30248,"hostname":"DESKTOP-G2R0246","url":"/favicon.ico","msg":"Ruta inexistente"}
{"level":40,"time":1671739453578,"pid":30248,"hostname":"DESKTOP-G2R0246","url":"/style.css","msg":"Ruta inexistente"}
{"level":40,"time":1671739453875,"pid":30248,"hostname":"DESKTOP-G2R0246","url":"/favicon.ico","msg":"Ruta inexistente"}
{"level":40,"time":1671739454217,"pid":30248,"hostname":"DESKTOP-G2R0246","url":"/style.css","msg":"Ruta inexistente"}
{"level":40,"time":1671739454493,"pid":30248,"hostname":"DESKTOP-G2R0246","url":"/favicon.ico","msg":"Ruta inexistente"}
{"level":40,"time":1671739454869,"pid":30248,"hostname":"DESKTOP-G2R0246","url":"/style.css","msg":"Ruta inexistente"}
{"level":40,"time":1671739455208,"pid":30248,"hostname":"DESKTOP-G2R0246","url":"/favicon.ico","msg":"Ruta inexistente"}
{"level":40,"time":1671739455427,"pid":30248,"hostname":"DESKTOP-G2R0246","url":"/style.css","msg":"Ruta inexistente"}
{"level":40,"time":1671739455683,"pid":30248,"hostname":"DESKTOP-G2R0246","url":"/favicon.ico","msg":"Ruta inexistente"}
{"level":40,"time":1671739455966,"pid":30248,"hostname":"DESKTOP-G2R0246","url":"/style.css","msg":"Ruta inexistente"}
{"level":40,"time":1671739456217,"pid":30248,"hostname":"DESKTOP-G2R0246","url":"/favicon.ico","msg":"Ruta inexistente"}
{"level":40,"time":1671739926640,"pid":5868,"hostname":"DESKTOP-G2R0246","url":"/socket.io/?EIO=4&transport=polling&t=OKxTkXL","msg":"Ruta inexistente"}
{"level":40,"time":1671739928959,"pid":5868,"hostname":"DESKTOP-G2R0246","url":"/socket.io/?EIO=4&transport=polling&t=OKxTl5h","msg":"Ruta inexistente"}
{"level":40,"time":1671739933465,"pid":5868,"hostname":"DESKTOP-G2R0246","url":"/socket.io/?EIO=4&transport=polling&t=OKxTmCD","msg":"Ruta inexistente"}
{"level":40,"time":1671739964734,"pid":15600,"hostname":"DESKTOP-G2R0246","url":"/style.css","msg":"Ruta inexistente"}
{"level":40,"time":1671739964737,"pid":15600,"hostname":"DESKTOP-G2R0246","url":"/socket.io/socket.io.js","msg":"Ruta inexistente"}
{"level":40,"time":1671739964990,"pid":15600,"hostname":"DESKTOP-G2R0246","url":"/favicon.ico","msg":"Ruta inexistente"}
{"level":40,"time":1671739980557,"pid":15600,"hostname":"DESKTOP-G2R0246","url":"/socket.io/socket.io.js","msg":"Ruta inexistente"}
{"level":40,"time":1671739980984,"pid":15600,"hostname":"DESKTOP-G2R0246","url":"/favicon.ico","msg":"Ruta inexistente"}
{"level":40,"time":1671740033270,"pid":15600,"hostname":"DESKTOP-G2R0246","url":"/favicon.ico","msg":"Ruta inexistente"}
{"level":40,"time":1671740042403,"pid":15600,"hostname":"DESKTOP-G2R0246","url":"/style.css","msg":"Ruta inexistente"}
{"level":40,"time":1671740042736,"pid":15600,"hostname":"DESKTOP-G2R0246","url":"/favicon.ico","msg":"Ruta inexistente"}
{"level":40,"time":1671740059101,"pid":15600,"hostname":"DESKTOP-G2R0246","url":"/style.css","msg":"Ruta inexistente"}
{"level":40,"time":1671740059116,"pid":15600,"hostname":"DESKTOP-G2R0246","url":"/socket.io/socket.io.js","msg":"Ruta inexistente"}
{"level":40,"time":1671740059399,"pid":15600,"hostname":"DESKTOP-G2R0246","url":"/favicon.ico","msg":"Ruta inexistente"}
{"level":40,"time":1671740071825,"pid":15600,"hostname":"DESKTOP-G2R0246","url":"/favicon.ico","msg":"Ruta inexistente"}
{"level":40,"time":1671740072150,"pid":15600,"hostname":"DESKTOP-G2R0246","url":"/favicon.ico","msg":"Ruta inexistente"}
{"level":40,"time":1671741119139,"pid":11792,"hostname":"DESKTOP-G2R0246","url":"/prueba","msg":"Ruta inexistente"}
{"level":40,"time":1671741119654,"pid":11792,"hostname":"DESKTOP-G2R0246","url":"/favicon.ico","msg":"Ruta inexistente"}
{"level":40,"time":1671741173704,"pid":16700,"hostname":"DESKTOP-G2R0246","url":"/prueba","msg":"Ruta inexistente"}
{"level":40,"time":1671741173908,"pid":16700,"hostname":"DESKTOP-G2R0246","url":"/favicon.ico","msg":"Ruta inexistente"}
{"level":40,"time":1671741182518,"pid":16700,"hostname":"DESKTOP-G2R0246","url":"/prueba","msg":"Ruta inexistente"}
{"level":40,"time":1671741182634,"pid":16700,"hostname":"DESKTOP-G2R0246","url":"/favicon.ico","msg":"Ruta inexistente"}
{"level":40,"time":1671741324347,"pid":5940,"hostname":"DESKTOP-G2R0246","url":"/socket.io/socket.io.js","msg":"Ruta inexistente"}
{"level":40,"time":1671741324493,"pid":5940,"hostname":"DESKTOP-G2R0246","url":"/favicon.ico","msg":"Ruta inexistente"}
{"level":40,"time":1671741348042,"pid":5940,"hostname":"DESKTOP-G2R0246","url":"/socket.io/socket.io.js","msg":"Ruta inexistente"}
{"level":40,"time":1671741348391,"pid":5940,"hostname":"DESKTOP-G2R0246","url":"/favicon.ico","msg":"Ruta inexistente"}
{"level":40,"time":1671741351316,"pid":5940,"hostname":"DESKTOP-G2R0246","url":"/socket.io/socket.io.js","msg":"Ruta inexistente"}
{"level":40,"time":1671741351674,"pid":5940,"hostname":"DESKTOP-G2R0246","url":"/favicon.ico","msg":"Ruta inexistente"}
{"level":40,"time":1671741357073,"pid":5940,"hostname":"DESKTOP-G2R0246","url":"/socket.io/socket.io.js","msg":"Ruta inexistente"}
{"level":40,"time":1671741357503,"pid":5940,"hostname":"DESKTOP-G2R0246","url":"/favicon.ico","msg":"Ruta inexistente"}
{"level":40,"time":1671741418887,"pid":5940,"hostname":"DESKTOP-G2R0246","url":"/socket.io/socket.io.js","msg":"Ruta inexistente"}
{"level":40,"time":1671741419048,"pid":5940,"hostname":"DESKTOP-G2R0246","url":"/favicon.ico","msg":"Ruta inexistente"}
{"level":40,"time":1671741429464,"pid":5940,"hostname":"DESKTOP-G2R0246","url":"/socket.io/socket.io.js","msg":"Ruta inexistente"}
{"level":40,"time":1671741429539,"pid":5940,"hostname":"DESKTOP-G2R0246","url":"/favicon.ico","msg":"Ruta inexistente"}
{"level":40,"time":1671750961179,"pid":21200,"hostname":"DESKTOP-G2R0246","url":"/favicon.ico","msg":"Ruta inexistente"}
{"level":40,"time":1671750970683,"pid":21200,"hostname":"DESKTOP-G2R0246","url":"/","msg":"Ruta inexistente"}
{"level":40,"time":1671750971188,"pid":21200,"hostname":"DESKTOP-G2R0246","url":"/favicon.ico","msg":"Ruta inexistente"}
{"level":40,"time":1671750975258,"pid":21200,"hostname":"DESKTOP-G2R0246","url":"/chart","msg":"Ruta inexistente"}
{"level":40,"time":1671750975362,"pid":21200,"hostname":"DESKTOP-G2R0246","url":"/favicon.ico","msg":"Ruta inexistente"}
{"level":40,"time":1671750980406,"pid":21200,"hostname":"DESKTOP-G2R0246","url":"/style.css","msg":"Ruta inexistente"}
{"level":40,"time":1671750980408,"pid":21200,"hostname":"DESKTOP-G2R0246","url":"/socket.io/socket.io.js","msg":"Ruta inexistente"}
{"level":40,"time":1671750980547,"pid":21200,"hostname":"DESKTOP-G2R0246","url":"/favicon.ico","msg":"Ruta inexistente"}
{"level":40,"time":1671751052608,"pid":2804,"hostname":"DESKTOP-G2R0246","url":"/style.css","msg":"Ruta inexistente"}
{"level":40,"time":1671751052615,"pid":2804,"hostname":"DESKTOP-G2R0246","url":"/socket.io/socket.io.js","msg":"Ruta inexistente"}
{"level":40,"time":1671751052708,"pid":2804,"hostname":"DESKTOP-G2R0246","url":"/favicon.ico","msg":"Ruta inexistente"}
{"level":40,"time":1671751054243,"pid":2804,"hostname":"DESKTOP-G2R0246","url":"/style.css","msg":"Ruta inexistente"}
{"level":40,"time":1671751054245,"pid":2804,"hostname":"DESKTOP-G2R0246","url":"/socket.io/socket.io.js","msg":"Ruta inexistente"}
{"level":40,"time":1671751054306,"pid":2804,"hostname":"DESKTOP-G2R0246","url":"/favicon.ico","msg":"Ruta inexistente"}
{"level":40,"time":1671751055234,"pid":2804,"hostname":"DESKTOP-G2R0246","url":"/style.css","msg":"Ruta inexistente"}
{"level":40,"time":1671751055237,"pid":2804,"hostname":"DESKTOP-G2R0246","url":"/socket.io/socket.io.js","msg":"Ruta inexistente"}
{"level":40,"time":1671751055304,"pid":2804,"hostname":"DESKTOP-G2R0246","url":"/favicon.ico","msg":"Ruta inexistente"}
{"level":40,"time":1671751055904,"pid":2804,"hostname":"DESKTOP-G2R0246","url":"/style.css","msg":"Ruta inexistente"}
{"level":40,"time":1671751055905,"pid":2804,"hostname":"DESKTOP-G2R0246","url":"/socket.io/socket.io.js","msg":"Ruta inexistente"}
{"level":40,"time":1671751055972,"pid":2804,"hostname":"DESKTOP-G2R0246","url":"/favicon.ico","msg":"Ruta inexistente"}
{"level":40,"time":1671751056096,"pid":2804,"hostname":"DESKTOP-G2R0246","url":"/style.css","msg":"Ruta inexistente"}
{"level":40,"time":1671751056098,"pid":2804,"hostname":"DESKTOP-G2R0246","url":"/socket.io/socket.io.js","msg":"Ruta inexistente"}
{"level":40,"time":1671751056168,"pid":2804,"hostname":"DESKTOP-G2R0246","url":"/favicon.ico","msg":"Ruta inexistente"}
{"level":40,"time":1671751056264,"pid":2804,"hostname":"DESKTOP-G2R0246","url":"/style.css","msg":"Ruta inexistente"}
{"level":40,"time":1671751056268,"pid":2804,"hostname":"DESKTOP-G2R0246","url":"/socket.io/socket.io.js","msg":"Ruta inexistente"}
{"level":40,"time":1671751056329,"pid":2804,"hostname":"DESKTOP-G2R0246","url":"/favicon.ico","msg":"Ruta inexistente"}
{"level":40,"time":1671751056415,"pid":2804,"hostname":"DESKTOP-G2R0246","url":"/style.css","msg":"Ruta inexistente"}
{"level":40,"time":1671751056416,"pid":2804,"hostname":"DESKTOP-G2R0246","url":"/socket.io/socket.io.js","msg":"Ruta inexistente"}
{"level":40,"time":1671751056482,"pid":2804,"hostname":"DESKTOP-G2R0246","url":"/favicon.ico","msg":"Ruta inexistente"}
{"level":40,"time":1671751056541,"pid":2804,"hostname":"DESKTOP-G2R0246","url":"/style.css","msg":"Ruta inexistente"}
{"level":40,"time":1671751056542,"pid":2804,"hostname":"DESKTOP-G2R0246","url":"/socket.io/socket.io.js","msg":"Ruta inexistente"}
{"level":40,"time":1671751056623,"pid":2804,"hostname":"DESKTOP-G2R0246","url":"/favicon.ico","msg":"Ruta inexistente"}
{"level":40,"time":1671751056676,"pid":2804,"hostname":"DESKTOP-G2R0246","url":"/style.css","msg":"Ruta inexistente"}
{"level":40,"time":1671751056676,"pid":2804,"hostname":"DESKTOP-G2R0246","url":"/socket.io/socket.io.js","msg":"Ruta inexistente"}
{"level":40,"time":1671751056746,"pid":2804,"hostname":"DESKTOP-G2R0246","url":"/favicon.ico","msg":"Ruta inexistente"}
{"level":40,"time":1671751056807,"pid":2804,"hostname":"DESKTOP-G2R0246","url":"/style.css","msg":"Ruta inexistente"}
{"level":40,"time":1671751056812,"pid":2804,"hostname":"DESKTOP-G2R0246","url":"/socket.io/socket.io.js","msg":"Ruta inexistente"}
{"level":40,"time":1671751056879,"pid":2804,"hostname":"DESKTOP-G2R0246","url":"/favicon.ico","msg":"Ruta inexistente"}
{"level":40,"time":1671751135689,"pid":2804,"hostname":"DESKTOP-G2R0246","url":"/style.css","msg":"Ruta inexistente"}
{"level":40,"time":1671751135692,"pid":2804,"hostname":"DESKTOP-G2R0246","url":"/socket.io/socket.io.js","msg":"Ruta inexistente"}
{"level":40,"time":1671751135765,"pid":2804,"hostname":"DESKTOP-G2R0246","url":"/favicon.ico","msg":"Ruta inexistente"}
{"level":40,"time":1671751137755,"pid":2804,"hostname":"DESKTOP-G2R0246","url":"/style.css","msg":"Ruta inexistente"}
{"level":40,"time":1671751137758,"pid":2804,"hostname":"DESKTOP-G2R0246","url":"/socket.io/socket.io.js","msg":"Ruta inexistente"}
{"level":40,"time":1671751137822,"pid":2804,"hostname":"DESKTOP-G2R0246","url":"/favicon.ico","msg":"Ruta inexistente"}
{"level":40,"time":1671751309560,"pid":27888,"hostname":"DESKTOP-G2R0246","url":"/style.css","msg":"Ruta inexistente"}
{"level":40,"time":1671751309564,"pid":27888,"hostname":"DESKTOP-G2R0246","url":"/socket.io/socket.io.js","msg":"Ruta inexistente"}
{"level":40,"time":1671751309645,"pid":27888,"hostname":"DESKTOP-G2R0246","url":"/favicon.ico","msg":"Ruta inexistente"}
{"level":40,"time":1671751310699,"pid":27888,"hostname":"DESKTOP-G2R0246","url":"/style.css","msg":"Ruta inexistente"}
{"level":40,"time":1671751310700,"pid":27888,"hostname":"DESKTOP-G2R0246","url":"/socket.io/socket.io.js","msg":"Ruta inexistente"}
{"level":40,"time":1671751310776,"pid":27888,"hostname":"DESKTOP-G2R0246","url":"/favicon.ico","msg":"Ruta inexistente"}
{"level":40,"time":1671751327000,"pid":31388,"hostname":"DESKTOP-G2R0246","url":"/style.css","msg":"Ruta inexistente"}
{"level":40,"time":1671751327005,"pid":31388,"hostname":"DESKTOP-G2R0246","url":"/socket.io/socket.io.js","msg":"Ruta inexistente"}
{"level":40,"time":1671751327069,"pid":31388,"hostname":"DESKTOP-G2R0246","url":"/favicon.ico","msg":"Ruta inexistente"}
{"level":40,"time":1671751327791,"pid":31388,"hostname":"DESKTOP-G2R0246","url":"/style.css","msg":"Ruta inexistente"}
{"level":40,"time":1671751327792,"pid":31388,"hostname":"DESKTOP-G2R0246","url":"/socket.io/socket.io.js","msg":"Ruta inexistente"}
{"level":40,"time":1671751327867,"pid":31388,"hostname":"DESKTOP-G2R0246","url":"/favicon.ico","msg":"Ruta inexistente"}
{"level":40,"time":1671751328477,"pid":31388,"hostname":"DESKTOP-G2R0246","url":"/style.css","msg":"Ruta inexistente"}
{"level":40,"time":1671751328478,"pid":31388,"hostname":"DESKTOP-G2R0246","url":"/socket.io/socket.io.js","msg":"Ruta inexistente"}
{"level":40,"time":1671751328552,"pid":31388,"hostname":"DESKTOP-G2R0246","url":"/favicon.ico","msg":"Ruta inexistente"}
{"level":40,"time":1671751328955,"pid":31388,"hostname":"DESKTOP-G2R0246","url":"/style.css","msg":"Ruta inexistente"}
{"level":40,"time":1671751328956,"pid":31388,"hostname":"DESKTOP-G2R0246","url":"/socket.io/socket.io.js","msg":"Ruta inexistente"}
{"level":40,"time":1671751329022,"pid":31388,"hostname":"DESKTOP-G2R0246","url":"/favicon.ico","msg":"Ruta inexistente"}
{"level":40,"time":1671751329195,"pid":31388,"hostname":"DESKTOP-G2R0246","url":"/style.css","msg":"Ruta inexistente"}
{"level":40,"time":1671751329196,"pid":31388,"hostname":"DESKTOP-G2R0246","url":"/socket.io/socket.io.js","msg":"Ruta inexistente"}
{"level":40,"time":1671751329254,"pid":31388,"hostname":"DESKTOP-G2R0246","url":"/favicon.ico","msg":"Ruta inexistente"}
{"level":40,"time":1671751329367,"pid":31388,"hostname":"DESKTOP-G2R0246","url":"/style.css","msg":"Ruta inexistente"}
{"level":40,"time":1671751329367,"pid":31388,"hostname":"DESKTOP-G2R0246","url":"/socket.io/socket.io.js","msg":"Ruta inexistente"}
{"level":40,"time":1671751329435,"pid":31388,"hostname":"DESKTOP-G2R0246","url":"/favicon.ico","msg":"Ruta inexistente"}
{"level":40,"time":1671751329542,"pid":31388,"hostname":"DESKTOP-G2R0246","url":"/style.css","msg":"Ruta inexistente"}
{"level":40,"time":1671751329543,"pid":31388,"hostname":"DESKTOP-G2R0246","url":"/socket.io/socket.io.js","msg":"Ruta inexistente"}
{"level":40,"time":1671751329613,"pid":31388,"hostname":"DESKTOP-G2R0246","url":"/favicon.ico","msg":"Ruta inexistente"}
{"level":40,"time":1671751329707,"pid":31388,"hostname":"DESKTOP-G2R0246","url":"/style.css","msg":"Ruta inexistente"}
{"level":40,"time":1671751329708,"pid":31388,"hostname":"DESKTOP-G2R0246","url":"/socket.io/socket.io.js","msg":"Ruta inexistente"}
{"level":40,"time":1671751329773,"pid":31388,"hostname":"DESKTOP-G2R0246","url":"/favicon.ico","msg":"Ruta inexistente"}
{"level":40,"time":1671751329996,"pid":31388,"hostname":"DESKTOP-G2R0246","url":"/style.css","msg":"Ruta inexistente"}
{"level":40,"time":1671751329997,"pid":31388,"hostname":"DESKTOP-G2R0246","url":"/socket.io/socket.io.js","msg":"Ruta inexistente"}
{"level":40,"time":1671751330059,"pid":31388,"hostname":"DESKTOP-G2R0246","url":"/favicon.ico","msg":"Ruta inexistente"}
{"level":40,"time":1671751330158,"pid":31388,"hostname":"DESKTOP-G2R0246","url":"/style.css","msg":"Ruta inexistente"}
{"level":40,"time":1671751330162,"pid":31388,"hostname":"DESKTOP-G2R0246","url":"/socket.io/socket.io.js","msg":"Ruta inexistente"}
{"level":40,"time":1671751330215,"pid":31388,"hostname":"DESKTOP-G2R0246","url":"/favicon.ico","msg":"Ruta inexistente"}
{"level":40,"time":1671751330329,"pid":31388,"hostname":"DESKTOP-G2R0246","url":"/style.css","msg":"Ruta inexistente"}
{"level":40,"time":1671751330330,"pid":31388,"hostname":"DESKTOP-G2R0246","url":"/socket.io/socket.io.js","msg":"Ruta inexistente"}
{"level":40,"time":1671751330393,"pid":31388,"hostname":"DESKTOP-G2R0246","url":"/favicon.ico","msg":"Ruta inexistente"}
{"level":40,"time":1671751330482,"pid":31388,"hostname":"DESKTOP-G2R0246","url":"/style.css","msg":"Ruta inexistente"}
{"level":40,"time":1671751330483,"pid":31388,"hostname":"DESKTOP-G2R0246","url":"/socket.io/socket.io.js","msg":"Ruta inexistente"}
{"level":40,"time":1671751330546,"pid":31388,"hostname":"DESKTOP-G2R0246","url":"/favicon.ico","msg":"Ruta inexistente"}
{"level":40,"time":1671751330633,"pid":31388,"hostname":"DESKTOP-G2R0246","url":"/style.css","msg":"Ruta inexistente"}
{"level":40,"time":1671751330633,"pid":31388,"hostname":"DESKTOP-G2R0246","url":"/socket.io/socket.io.js","msg":"Ruta inexistente"}
{"level":40,"time":1671751330696,"pid":31388,"hostname":"DESKTOP-G2R0246","url":"/favicon.ico","msg":"Ruta inexistente"}
{"level":40,"time":1671751330794,"pid":31388,"hostname":"DESKTOP-G2R0246","url":"/style.css","msg":"Ruta inexistente"}
{"level":40,"time":1671751330795,"pid":31388,"hostname":"DESKTOP-G2R0246","url":"/socket.io/socket.io.js","msg":"Ruta inexistente"}
{"level":40,"time":1671751330864,"pid":31388,"hostname":"DESKTOP-G2R0246","url":"/favicon.ico","msg":"Ruta inexistente"}
{"level":40,"time":1671751330950,"pid":31388,"hostname":"DESKTOP-G2R0246","url":"/style.css","msg":"Ruta inexistente"}
{"level":40,"time":1671751330951,"pid":31388,"hostname":"DESKTOP-G2R0246","url":"/socket.io/socket.io.js","msg":"Ruta inexistente"}
{"level":40,"time":1671751331020,"pid":31388,"hostname":"DESKTOP-G2R0246","url":"/favicon.ico","msg":"Ruta inexistente"}
{"level":40,"time":1671751331113,"pid":31388,"hostname":"DESKTOP-G2R0246","url":"/style.css","msg":"Ruta inexistente"}
{"level":40,"time":1671751331113,"pid":31388,"hostname":"DESKTOP-G2R0246","url":"/socket.io/socket.io.js","msg":"Ruta inexistente"}
{"level":40,"time":1671751331167,"pid":31388,"hostname":"DESKTOP-G2R0246","url":"/favicon.ico","msg":"Ruta inexistente"}
{"level":40,"time":1671751331249,"pid":31388,"hostname":"DESKTOP-G2R0246","url":"/style.css","msg":"Ruta inexistente"}
{"level":40,"time":1671751331250,"pid":31388,"hostname":"DESKTOP-G2R0246","url":"/socket.io/socket.io.js","msg":"Ruta inexistente"}
{"level":40,"time":1671751331315,"pid":31388,"hostname":"DESKTOP-G2R0246","url":"/favicon.ico","msg":"Ruta inexistente"}
{"level":40,"time":1671751331399,"pid":31388,"hostname":"DESKTOP-G2R0246","url":"/style.css","msg":"Ruta inexistente"}
{"level":40,"time":1671751331400,"pid":31388,"hostname":"DESKTOP-G2R0246","url":"/socket.io/socket.io.js","msg":"Ruta inexistente"}
{"level":40,"time":1671751331468,"pid":31388,"hostname":"DESKTOP-G2R0246","url":"/favicon.ico","msg":"Ruta inexistente"}
{"level":40,"time":1671751331541,"pid":31388,"hostname":"DESKTOP-G2R0246","url":"/style.css","msg":"Ruta inexistente"}
{"level":40,"time":1671751331542,"pid":31388,"hostname":"DESKTOP-G2R0246","url":"/socket.io/socket.io.js","msg":"Ruta inexistente"}
{"level":40,"time":1671751331608,"pid":31388,"hostname":"DESKTOP-G2R0246","url":"/favicon.ico","msg":"Ruta inexistente"}
{"level":40,"time":1671751331682,"pid":31388,"hostname":"DESKTOP-G2R0246","url":"/style.css","msg":"Ruta inexistente"}
{"level":40,"time":1671751331684,"pid":31388,"hostname":"DESKTOP-G2R0246","url":"/socket.io/socket.io.js","msg":"Ruta inexistente"}
{"level":40,"time":1671751331752,"pid":31388,"hostname":"DESKTOP-G2R0246","url":"/favicon.ico","msg":"Ruta inexistente"}
{"level":40,"time":1671751331855,"pid":31388,"hostname":"DESKTOP-G2R0246","url":"/style.css","msg":"Ruta inexistente"}
{"level":40,"time":1671751331856,"pid":31388,"hostname":"DESKTOP-G2R0246","url":"/socket.io/socket.io.js","msg":"Ruta inexistente"}
{"level":40,"time":1671751331928,"pid":31388,"hostname":"DESKTOP-G2R0246","url":"/favicon.ico","msg":"Ruta inexistente"}
{"level":40,"time":1671751468307,"pid":23468,"hostname":"DESKTOP-G2R0246","url":"/style.css","msg":"Ruta inexistente"}
{"level":40,"time":1671751468309,"pid":23468,"hostname":"DESKTOP-G2R0246","url":"/socket.io/socket.io.js","msg":"Ruta inexistente"}
{"level":40,"time":1671751468440,"pid":23468,"hostname":"DESKTOP-G2R0246","url":"/favicon.ico","msg":"Ruta inexistente"}
{"level":40,"time":1671751473545,"pid":23468,"hostname":"DESKTOP-G2R0246","url":"/socket.io/socket.io.js","msg":"Ruta inexistente"}
{"level":40,"time":1671751473631,"pid":23468,"hostname":"DESKTOP-G2R0246","url":"/favicon.ico","msg":"Ruta inexistente"}
{"level":40,"time":1671751509817,"pid":22504,"hostname":"DESKTOP-G2R0246","url":"/socket.io/socket.io.js","msg":"Ruta inexistente"}
{"level":40,"time":1671751509958,"pid":22504,"hostname":"DESKTOP-G2R0246","url":"/favicon.ico","msg":"Ruta inexistente"}
{"level":40,"time":1671751511089,"pid":22504,"hostname":"DESKTOP-G2R0246","url":"/socket.io/socket.io.js","msg":"Ruta inexistente"}
{"level":40,"time":1671751511181,"pid":22504,"hostname":"DESKTOP-G2R0246","url":"/favicon.ico","msg":"Ruta inexistente"}
{"level":40,"time":1671751511702,"pid":22504,"hostname":"DESKTOP-G2R0246","url":"/socket.io/socket.io.js","msg":"Ruta inexistente"}
{"level":40,"time":1671751511781,"pid":22504,"hostname":"DESKTOP-G2R0246","url":"/favicon.ico","msg":"Ruta inexistente"}
{"level":40,"time":1671751513521,"pid":22504,"hostname":"DESKTOP-G2R0246","url":"/socket.io/socket.io.js","msg":"Ruta inexistente"}
{"level":40,"time":1671751513604,"pid":22504,"hostname":"DESKTOP-G2R0246","url":"/favicon.ico","msg":"Ruta inexistente"}
{"level":40,"time":1671751584746,"pid":28756,"hostname":"DESKTOP-G2R0246","url":"/socket.io/socket.io.js","msg":"Ruta inexistente"}
{"level":40,"time":1671751584849,"pid":28756,"hostname":"DESKTOP-G2R0246","url":"/favicon.ico","msg":"Ruta inexistente"}
{"level":40,"time":1671751590130,"pid":28756,"hostname":"DESKTOP-G2R0246","url":"/socket.io/socket.io.js","msg":"Ruta inexistente"}
{"level":40,"time":1671751590456,"pid":28756,"hostname":"DESKTOP-G2R0246","url":"/favicon.ico","msg":"Ruta inexistente"}
{"level":40,"time":1671751594775,"pid":28756,"hostname":"DESKTOP-G2R0246","url":"/socket.io/socket.io.js","msg":"Ruta inexistente"}
{"level":40,"time":1671751595135,"pid":28756,"hostname":"DESKTOP-G2R0246","url":"/favicon.ico","msg":"Ruta inexistente"}
{"level":40,"time":1671751773675,"pid":19308,"hostname":"DESKTOP-G2R0246","url":"/socket.io/socket.io.js","msg":"Ruta inexistente"}
{"level":40,"time":1671751773778,"pid":19308,"hostname":"DESKTOP-G2R0246","url":"/favicon.ico","msg":"Ruta inexistente"}
{"level":40,"time":1671751781272,"pid":19308,"hostname":"DESKTOP-G2R0246","url":"/socket.io/socket.io.js","msg":"Ruta inexistente"}
{"level":40,"time":1671751781341,"pid":19308,"hostname":"DESKTOP-G2R0246","url":"/favicon.ico","msg":"Ruta inexistente"}
{"level":40,"time":1671751781990,"pid":19308,"hostname":"DESKTOP-G2R0246","url":"/socket.io/socket.io.js","msg":"Ruta inexistente"}
{"level":40,"time":1671751782072,"pid":19308,"hostname":"DESKTOP-G2R0246","url":"/favicon.ico","msg":"Ruta inexistente"}
{"level":40,"time":1671751782729,"pid":19308,"hostname":"DESKTOP-G2R0246","url":"/socket.io/socket.io.js","msg":"Ruta inexistente"}
{"level":40,"time":1671751782802,"pid":19308,"hostname":"DESKTOP-G2R0246","url":"/favicon.ico","msg":"Ruta inexistente"}
{"level":40,"time":1671751980198,"pid":2072,"hostname":"DESKTOP-G2R0246","url":"/socket.io/socket.io.js","msg":"Ruta inexistente"}
{"level":40,"time":1671751980534,"pid":2072,"hostname":"DESKTOP-G2R0246","url":"/favicon.ico","msg":"Ruta inexistente"}
{"level":40,"time":1671751982855,"pid":2072,"hostname":"DESKTOP-G2R0246","url":"/socket.io/socket.io.js","msg":"Ruta inexistente"}
{"level":40,"time":1671751983166,"pid":2072,"hostname":"DESKTOP-G2R0246","url":"/favicon.ico","msg":"Ruta inexistente"}
{"level":40,"time":1671752080451,"pid":28524,"hostname":"DESKTOP-G2R0246","url":"/socket.io/socket.io.js","msg":"Ruta inexistente"}
{"level":40,"time":1671752080683,"pid":28524,"hostname":"DESKTOP-G2R0246","url":"/favicon.ico","msg":"Ruta inexistente"}
{"level":40,"time":1671752146112,"pid":25432,"hostname":"DESKTOP-G2R0246","url":"/favicon.ico","msg":"Ruta inexistente"}
{"level":40,"time":1671752224655,"pid":32296,"hostname":"DESKTOP-G2R0246","url":"/favicon.ico","msg":"Ruta inexistente"}
{"level":40,"time":1671752299432,"pid":24268,"hostname":"DESKTOP-G2R0246","url":"/style.css","msg":"Ruta inexistente"}
{"level":40,"time":1671752299436,"pid":24268,"hostname":"DESKTOP-G2R0246","url":"/apis/messages.js","msg":"Ruta inexistente"}
{"level":40,"time":1671752299660,"pid":24268,"hostname":"DESKTOP-G2R0246","url":"/favicon.ico","msg":"Ruta inexistente"}
{"level":40,"time":1671752321319,"pid":20752,"hostname":"DESKTOP-G2R0246","url":"/favicon.ico","msg":"Ruta inexistente"}
{"level":40,"time":1671752332318,"pid":20752,"hostname":"DESKTOP-G2R0246","url":"/style.css","msg":"Ruta inexistente"}
{"level":40,"time":1671752332321,"pid":20752,"hostname":"DESKTOP-G2R0246","url":"/apis/messages.js","msg":"Ruta inexistente"}
{"level":40,"time":1671752332420,"pid":20752,"hostname":"DESKTOP-G2R0246","url":"/favicon.ico","msg":"Ruta inexistente"}
{"level":40,"time":1671752334524,"pid":20752,"hostname":"DESKTOP-G2R0246","url":"/style.css","msg":"Ruta inexistente"}
{"level":40,"time":1671752334528,"pid":20752,"hostname":"DESKTOP-G2R0246","url":"/apis/messages.js","msg":"Ruta inexistente"}
{"level":40,"time":1671752334589,"pid":20752,"hostname":"DESKTOP-G2R0246","url":"/favicon.ico","msg":"Ruta inexistente"}
{"level":40,"time":1671752335182,"pid":20752,"hostname":"DESKTOP-G2R0246","url":"/style.css","msg":"Ruta inexistente"}
{"level":40,"time":1671752335184,"pid":20752,"hostname":"DESKTOP-G2R0246","url":"/apis/messages.js","msg":"Ruta inexistente"}
{"level":40,"time":1671752335262,"pid":20752,"hostname":"DESKTOP-G2R0246","url":"/favicon.ico","msg":"Ruta inexistente"}
{"level":40,"time":1671752335694,"pid":20752,"hostname":"DESKTOP-G2R0246","url":"/style.css","msg":"Ruta inexistente"}
{"level":40,"time":1671752335697,"pid":20752,"hostname":"DESKTOP-G2R0246","url":"/apis/messages.js","msg":"Ruta inexistente"}
{"level":40,"time":1671752335770,"pid":20752,"hostname":"DESKTOP-G2R0246","url":"/favicon.ico","msg":"Ruta inexistente"}
{"level":40,"time":1671752335873,"pid":20752,"hostname":"DESKTOP-G2R0246","url":"/style.css","msg":"Ruta inexistente"}
{"level":40,"time":1671752335875,"pid":20752,"hostname":"DESKTOP-G2R0246","url":"/apis/messages.js","msg":"Ruta inexistente"}
{"level":40,"time":1671752335951,"pid":20752,"hostname":"DESKTOP-G2R0246","url":"/favicon.ico","msg":"Ruta inexistente"}
{"level":40,"time":1671752336269,"pid":20752,"hostname":"DESKTOP-G2R0246","url":"/style.css","msg":"Ruta inexistente"}
{"level":40,"time":1671752336270,"pid":20752,"hostname":"DESKTOP-G2R0246","url":"/apis/messages.js","msg":"Ruta inexistente"}
{"level":40,"time":1671752336352,"pid":20752,"hostname":"DESKTOP-G2R0246","url":"/favicon.ico","msg":"Ruta inexistente"}
{"level":40,"time":1671752336410,"pid":20752,"hostname":"DESKTOP-G2R0246","url":"/style.css","msg":"Ruta inexistente"}
{"level":40,"time":1671752336412,"pid":20752,"hostname":"DESKTOP-G2R0246","url":"/apis/messages.js","msg":"Ruta inexistente"}
{"level":40,"time":1671752336478,"pid":20752,"hostname":"DESKTOP-G2R0246","url":"/favicon.ico","msg":"Ruta inexistente"}
{"level":40,"time":1671752354440,"pid":20752,"hostname":"DESKTOP-G2R0246","url":"/style.css","msg":"Ruta inexistente"}
{"level":40,"time":1671752358708,"pid":20752,"hostname":"DESKTOP-G2R0246","url":"/style.css","msg":"Ruta inexistente"}
{"level":40,"time":1671752358713,"pid":20752,"hostname":"DESKTOP-G2R0246","url":"/apis/messages.js","msg":"Ruta inexistente"}
{"level":40,"time":1671752359028,"pid":20752,"hostname":"DESKTOP-G2R0246","url":"/favicon.ico","msg":"Ruta inexistente"}
{"level":40,"time":1671752366243,"pid":20752,"hostname":"DESKTOP-G2R0246","url":"/favicon.ico","msg":"Ruta inexistente"}
{"level":40,"time":1671752371193,"pid":20752,"hostname":"DESKTOP-G2R0246","url":"/apis/messages.js","msg":"Ruta inexistente"}
{"level":40,"time":1671752371936,"pid":20752,"hostname":"DESKTOP-G2R0246","url":"/favicon.ico","msg":"Ruta inexistente"}
{"level":40,"time":1671752426750,"pid":20752,"hostname":"DESKTOP-G2R0246","url":"/apis/messages.js","msg":"Ruta inexistente"}
{"level":40,"time":1671752427347,"pid":20752,"hostname":"DESKTOP-G2R0246","url":"/favicon.ico","msg":"Ruta inexistente"}
{"level":40,"time":1671752442640,"pid":20752,"hostname":"DESKTOP-G2R0246","url":"/style.css","msg":"Ruta inexistente"}
{"level":40,"time":1671752442646,"pid":20752,"hostname":"DESKTOP-G2R0246","url":"/apis/messages.js","msg":"Ruta inexistente"}
{"level":40,"time":1671752442900,"pid":20752,"hostname":"DESKTOP-G2R0246","url":"/favicon.ico","msg":"Ruta inexistente"}
{"level":40,"time":1671752483061,"pid":29288,"hostname":"DESKTOP-G2R0246","url":"/style.css","msg":"Ruta inexistente"}
{"level":40,"time":1671752483357,"pid":29288,"hostname":"DESKTOP-G2R0246","url":"/favicon.ico","msg":"Ruta inexistente"}
{"level":40,"time":1671752489091,"pid":29288,"hostname":"DESKTOP-G2R0246","url":"/style.css","msg":"Ruta inexistente"}
{"level":40,"time":1671752489453,"pid":29288,"hostname":"DESKTOP-G2R0246","url":"/favicon.ico","msg":"Ruta inexistente"}
{"level":40,"time":1671752492879,"pid":29288,"hostname":"DESKTOP-G2R0246","url":"/style.css","msg":"Ruta inexistente"}
{"level":40,"time":1671752493155,"pid":29288,"hostname":"DESKTOP-G2R0246","url":"/favicon.ico","msg":"Ruta inexistente"}
{"level":40,"time":1671752493582,"pid":29288,"hostname":"DESKTOP-G2R0246","url":"/style.css","msg":"Ruta inexistente"}
{"level":40,"time":1671752493942,"pid":29288,"hostname":"DESKTOP-G2R0246","url":"/favicon.ico","msg":"Ruta inexistente"}
{"level":40,"time":1671752494163,"pid":29288,"hostname":"DESKTOP-G2R0246","url":"/style.css","msg":"Ruta inexistente"}
{"level":40,"time":1671752494588,"pid":29288,"hostname":"DESKTOP-G2R0246","url":"/favicon.ico","msg":"Ruta inexistente"}
{"level":40,"time":1671752494764,"pid":29288,"hostname":"DESKTOP-G2R0246","url":"/style.css","msg":"Ruta inexistente"}
{"level":40,"time":1671752495158,"pid":29288,"hostname":"DESKTOP-G2R0246","url":"/favicon.ico","msg":"Ruta inexistente"}
{"level":40,"time":1671752539927,"pid":22120,"hostname":"DESKTOP-G2R0246","url":"/style.css","msg":"Ruta inexistente"}
{"level":40,"time":1671752540202,"pid":22120,"hostname":"DESKTOP-G2R0246","url":"/favicon.ico","msg":"Ruta inexistente"}
{"level":40,"time":1671752545736,"pid":22120,"hostname":"DESKTOP-G2R0246","url":"/style.css","msg":"Ruta inexistente"}
{"level":40,"time":1671752546084,"pid":22120,"hostname":"DESKTOP-G2R0246","url":"/favicon.ico","msg":"Ruta inexistente"}
{"level":40,"time":1671753291162,"pid":25724,"hostname":"DESKTOP-G2R0246","url":"/style.css","msg":"Ruta inexistente"}
{"level":40,"time":1671753291462,"pid":25724,"hostname":"DESKTOP-G2R0246","url":"/favicon.ico","msg":"Ruta inexistente"}
{"level":40,"time":1671753304014,"pid":25724,"hostname":"DESKTOP-G2R0246","url":"/style.css","msg":"Ruta inexistente"}
{"level":40,"time":1671753304094,"pid":25724,"hostname":"DESKTOP-G2R0246","url":"/favicon.ico","msg":"Ruta inexistente"}
{"level":40,"time":1671753322695,"pid":25724,"hostname":"DESKTOP-G2R0246","url":"/style.css","msg":"Ruta inexistente"}
{"level":40,"time":1671753322818,"pid":25724,"hostname":"DESKTOP-G2R0246","url":"/favicon.ico","msg":"Ruta inexistente"}
{"level":40,"time":1671753637371,"pid":24452,"hostname":"DESKTOP-G2R0246","url":"/style.css","msg":"Ruta inexistente"}
{"level":40,"time":1671753637737,"pid":24452,"hostname":"DESKTOP-G2R0246","url":"/favicon.ico","msg":"Ruta inexistente"}
{"level":40,"time":1671753643000,"pid":24452,"hostname":"DESKTOP-G2R0246","url":"/style.css","msg":"Ruta inexistente"}
{"level":40,"time":1671753643078,"pid":24452,"hostname":"DESKTOP-G2R0246","url":"/favicon.ico","msg":"Ruta inexistente"}
{"level":40,"time":1671753665979,"pid":24452,"hostname":"DESKTOP-G2R0246","url":"/style.css","msg":"Ruta inexistente"}
{"level":40,"time":1671753666088,"pid":24452,"hostname":"DESKTOP-G2R0246","url":"/favicon.ico","msg":"Ruta inexistente"}
{"level":40,"time":1671753675596,"pid":24452,"hostname":"DESKTOP-G2R0246","url":"/style.css","msg":"Ruta inexistente"}
{"level":40,"time":1671753676172,"pid":24452,"hostname":"DESKTOP-G2R0246","url":"/favicon.ico","msg":"Ruta inexistente"}
{"level":40,"time":1671753685455,"pid":24452,"hostname":"DESKTOP-G2R0246","url":"/style.css","msg":"Ruta inexistente"}
{"level":40,"time":1671753685566,"pid":24452,"hostname":"DESKTOP-G2R0246","url":"/favicon.ico","msg":"Ruta inexistente"}
{"level":40,"time":1671753691272,"pid":24452,"hostname":"DESKTOP-G2R0246","url":"/style.css","msg":"Ruta inexistente"}
{"level":40,"time":1671753691360,"pid":24452,"hostname":"DESKTOP-G2R0246","url":"/favicon.ico","msg":"Ruta inexistente"}
{"level":40,"time":1671753748850,"pid":28032,"hostname":"DESKTOP-G2R0246","url":"/style.css","msg":"Ruta inexistente"}
{"level":40,"time":1671753748952,"pid":28032,"hostname":"DESKTOP-G2R0246","url":"/favicon.ico","msg":"Ruta inexistente"}
{"level":40,"time":1671753771209,"pid":31300,"hostname":"DESKTOP-G2R0246","url":"/style.css","msg":"Ruta inexistente"}
{"level":40,"time":1671753771294,"pid":31300,"hostname":"DESKTOP-G2R0246","url":"/favicon.ico","msg":"Ruta inexistente"}
{"level":40,"time":1671753775792,"pid":31300,"hostname":"DESKTOP-G2R0246","url":"/style.css","msg":"Ruta inexistente"}
{"level":40,"time":1671753775870,"pid":31300,"hostname":"DESKTOP-G2R0246","url":"/favicon.ico","msg":"Ruta inexistente"}
{"level":40,"time":1671753783895,"pid":20300,"hostname":"DESKTOP-G2R0246","url":"/style.css","msg":"Ruta inexistente"}
{"level":40,"time":1671753783976,"pid":20300,"hostname":"DESKTOP-G2R0246","url":"/favicon.ico","msg":"Ruta inexistente"}
{"level":40,"time":1671753784798,"pid":20300,"hostname":"DESKTOP-G2R0246","url":"/style.css","msg":"Ruta inexistente"}
{"level":40,"time":1671753784881,"pid":20300,"hostname":"DESKTOP-G2R0246","url":"/favicon.ico","msg":"Ruta inexistente"}
{"level":40,"time":1671753786010,"pid":20300,"hostname":"DESKTOP-G2R0246","url":"/style.css","msg":"Ruta inexistente"}
{"level":40,"time":1671753786091,"pid":20300,"hostname":"DESKTOP-G2R0246","url":"/favicon.ico","msg":"Ruta inexistente"}
{"level":40,"time":1671753789850,"pid":20300,"hostname":"DESKTOP-G2R0246","url":"/style.css","msg":"Ruta inexistente"}
{"level":40,"time":1671753789932,"pid":20300,"hostname":"DESKTOP-G2R0246","url":"/favicon.ico","msg":"Ruta inexistente"}
{"level":40,"time":1671753796863,"pid":20300,"hostname":"DESKTOP-G2R0246","url":"/style.css","msg":"Ruta inexistente"}
{"level":40,"time":1671753796957,"pid":20300,"hostname":"DESKTOP-G2R0246","url":"/favicon.ico","msg":"Ruta inexistente"}
{"level":40,"time":1671753800547,"pid":20300,"hostname":"DESKTOP-G2R0246","url":"/style.css","msg":"Ruta inexistente"}
{"level":40,"time":1671753800641,"pid":20300,"hostname":"DESKTOP-G2R0246","url":"/favicon.ico","msg":"Ruta inexistente"}
{"level":40,"time":1671753827205,"pid":27900,"hostname":"DESKTOP-G2R0246","url":"/style.css","msg":"Ruta inexistente"}
{"level":40,"time":1671753827310,"pid":27900,"hostname":"DESKTOP-G2R0246","url":"/favicon.ico","msg":"Ruta inexistente"}
{"level":40,"time":1671753838054,"pid":27900,"hostname":"DESKTOP-G2R0246","url":"/","msg":"Ruta inexistente"}
{"level":40,"time":1671753838197,"pid":27900,"hostname":"DESKTOP-G2R0246","url":"/favicon.ico","msg":"Ruta inexistente"}
{"level":40,"time":1671753843229,"pid":27900,"hostname":"DESKTOP-G2R0246","url":"/style.css","msg":"Ruta inexistente"}
{"level":40,"time":1671753843328,"pid":27900,"hostname":"DESKTOP-G2R0246","url":"/favicon.ico","msg":"Ruta inexistente"}
{"level":40,"time":1671753878075,"pid":4968,"hostname":"DESKTOP-G2R0246","url":"/style.css","msg":"Ruta inexistente"}
{"level":40,"time":1671753878175,"pid":4968,"hostname":"DESKTOP-G2R0246","url":"/favicon.ico","msg":"Ruta inexistente"}
{"level":40,"time":1671753880781,"pid":4968,"hostname":"DESKTOP-G2R0246","url":"/style.css","msg":"Ruta inexistente"}
{"level":40,"time":1671753880867,"pid":4968,"hostname":"DESKTOP-G2R0246","url":"/favicon.ico","msg":"Ruta inexistente"}
{"level":40,"time":1671753883117,"pid":4968,"hostname":"DESKTOP-G2R0246","url":"/style.css","msg":"Ruta inexistente"}
{"level":40,"time":1671753883207,"pid":4968,"hostname":"DESKTOP-G2R0246","url":"/favicon.ico","msg":"Ruta inexistente"}
{"level":40,"time":1671753899819,"pid":4968,"hostname":"DESKTOP-G2R0246","url":"/style.css","msg":"Ruta inexistente"}
{"level":40,"time":1671753899904,"pid":4968,"hostname":"DESKTOP-G2R0246","url":"/favicon.ico","msg":"Ruta inexistente"}
{"level":40,"time":1671754008441,"pid":16996,"hostname":"DESKTOP-G2R0246","url":"/style.css","msg":"Ruta inexistente"}
{"level":40,"time":1671754008584,"pid":16996,"hostname":"DESKTOP-G2R0246","url":"/favicon.ico","msg":"Ruta inexistente"}
{"level":40,"time":1671754174902,"pid":23420,"hostname":"DESKTOP-G2R0246","url":"/style.css","msg":"Ruta inexistente"}
{"level":40,"time":1671754400303,"pid":316,"hostname":"DESKTOP-G2R0246","url":"/style.css","msg":"Ruta inexistente"}
{"level":40,"time":1671754400719,"pid":316,"hostname":"DESKTOP-G2R0246","url":"/favicon.ico","msg":"Ruta inexistente"}
{"level":40,"time":1671754550051,"pid":10640,"hostname":"DESKTOP-G2R0246","url":"/style.css","msg":"Ruta inexistente"}
{"level":40,"time":1671754550371,"pid":10640,"hostname":"DESKTOP-G2R0246","url":"/favicon.ico","msg":"Ruta inexistente"}
{"level":40,"time":1671754648294,"pid":27584,"hostname":"DESKTOP-G2R0246","url":"/style.css","msg":"Ruta inexistente"}
{"level":40,"time":1671754648619,"pid":27584,"hostname":"DESKTOP-G2R0246","url":"/favicon.ico","msg":"Ruta inexistente"}
{"level":40,"time":1671754855009,"pid":28072,"hostname":"DESKTOP-G2R0246","url":"/style.css","msg":"Ruta inexistente"}
{"level":40,"time":1671754855283,"pid":28072,"hostname":"DESKTOP-G2R0246","url":"/favicon.ico","msg":"Ruta inexistente"}
